<?xml version="1.0" encoding="UTF-8"?>
<testsuite xmlns:xsi="http://www.w3.org/2001/XMLSchema-instance" xsi:noNamespaceSchemaLocation="https://maven.apache.org/surefire/maven-surefire-plugin/xsd/surefire-test-report.xsd" version="3.0.2" name="lab.productservice.kafka.OrderKafkaEmbeddedIntegrationTest" time="50.412" tests="2" errors="0" skipped="0" failures="0">
  <properties>
[...]
</properties>
  <testcase name="shouldPublishOrdersWithEmbeddedKafka" classname="lab.productservice.kafka.OrderKafkaEmbeddedIntegrationTest" time="3.265">
    <system-out><![CDATA[Standard Commons Logging discovery in action with spring-jcl: please remove commons-logging.jar from classpath in order to avoid potential conflicts
12:08:02.786 [main] INFO org.springframework.test.context.support.AnnotationConfigContextLoaderUtils -- Could not detect default configuration classes for test class [lab.productservice.kafka.OrderKafkaEmbeddedIntegrationTest]: OrderKafkaEmbeddedIntegrationTest does not declare any static, non-private, non-final, nested classes annotated with @Configuration.
12:08:03.391 [main] INFO org.springframework.boot.test.context.SpringBootTestContextBootstrapper -- Found @SpringBootConfiguration lab.productservice.ProductServiceApplication for test class lab.productservice.kafka.OrderKafkaEmbeddedIntegrationTest

  .   ____          _            __ _ _
 /\\ / ___'_ __ _ _(_)_ __  __ _ \ \ \ \
( ( )\___ | '_ | '_| | '_ \/ _` | \ \ \ \
 \\/  ___)| |_)| | | | | || (_| |  ) ) ) )
  '  |____| .__|_| |_|_| |_\__, | / / / /
 =========|_|==============|___/=/_/_/_/

 :: Spring Boot ::                (v3.5.9)

2026-03-09T12:08:07.070-05:00  INFO 20896 --- [product-service] [           main] [                                                 ] k.utils.Log4jControllerRegistration$     : Registered kafka:type=kafka.Log4jController MBean
2026-03-09T12:08:07.284-05:00  INFO 20896 --- [product-service] [           main] [                                                 ] o.a.zookeeper.server.ZooKeeperServer     : 
2026-03-09T12:08:07.285-05:00  INFO 20896 --- [product-service] [           main] [                                                 ] o.a.zookeeper.server.ZooKeeperServer     :   ______                  _                                          
2026-03-09T12:08:07.285-05:00  INFO 20896 --- [product-service] [           main] [                                                 ] o.a.zookeeper.server.ZooKeeperServer     :  |___  /                 | |                                         
2026-03-09T12:08:07.285-05:00  INFO 20896 --- [product-service] [           main] [                                                 ] o.a.zookeeper.server.ZooKeeperServer     :     / /    ___     ___   | | __   ___    ___   _ __     ___   _ __   
2026-03-09T12:08:07.286-05:00  INFO 20896 --- [product-service] [           main] [                                                 ] o.a.zookeeper.server.ZooKeeperServer     :    / /    / _ \   / _ \  | |/ /  / _ \  / _ \ | '_ \   / _ \ | '__|
2026-03-09T12:08:07.286-05:00  INFO 20896 --- [product-service] [           main] [                                                 ] o.a.zookeeper.server.ZooKeeperServer     :   / /__  | (_) | | (_) | |   <  |  __/ |  __/ | |_) | |  __/ | |    
2026-03-09T12:08:07.287-05:00  INFO 20896 --- [product-service] [           main] [                                                 ] o.a.zookeeper.server.ZooKeeperServer     :  /_____|  \___/   \___/  |_|\_\  \___|  \___| | .__/   \___| |_|
2026-03-09T12:08:07.287-05:00  INFO 20896 --- [product-service] [           main] [                                                 ] o.a.zookeeper.server.ZooKeeperServer     :                                               | |                     
2026-03-09T12:08:07.287-05:00  INFO 20896 --- [product-service] [           main] [                                                 ] o.a.zookeeper.server.ZooKeeperServer     :                                               |_|                     
2026-03-09T12:08:07.288-05:00  INFO 20896 --- [product-service] [           main] [                                                 ] o.a.zookeeper.server.ZooKeeperServer     : 
2026-03-09T12:08:12.338-05:00  INFO 20896 --- [product-service] [           main] [                                                 ] o.a.zookeeper.server.ZooKeeperServer     : Server environment:zookeeper.version=3.8.5-19f1842d4b6ee1f82cc8b05284959b26c6ae507d, built on 2025-09-03 21:35 UTC
2026-03-09T12:08:12.338-05:00  INFO 20896 --- [product-service] [           main] [                                                 ] o.a.zookeeper.server.ZooKeeperServer     : Server environment:host.name=LAPTOP-F8AS2F18
2026-03-09T12:08:12.338-05:00  INFO 20896 --- [product-service] [           main] [                                                 ] o.a.zookeeper.server.ZooKeeperServer     : Server environment:java.version=17.0.11
2026-03-09T12:08:12.339-05:00  INFO 20896 --- [product-service] [           main] [                                                 ] o.a.zookeeper.server.ZooKeeperServer     : Server environment:java.vendor=Oracle Corporation
2026-03-09T12:08:12.339-05:00  INFO 20896 --- [product-service] [           main] [                                                 ] o.a.zookeeper.server.ZooKeeperServer     : Server environment:java.home=C:\Program Files\Java\jdk-17
2026-03-09T12:08:12.339-05:00  INFO 20896 --- [product-service] [           main] [                                                 ] o.a.zookeeper.server.ZooKeeperServer     : Server environment:java.class.path=C:\Users\mbeua\Área de Trabalho\product-stock-platform\product-service\target\test-classes;C:\Users\mbeua\Área de Trabalho\product-stock-platform\product-service\target\classes;C:\Users\mbeua\.m2\repository\org\springframework\boot\spring-boot-starter-web\3.5.9\spring-boot-starter-web-3.5.9.jar;C:\Users\mbeua\.m2\repository\org\springframework\boot\spring-boot-starter\3.5.9\spring-boot-starter-3.5.9.jar;C:\Users\mbeua\.m2\repository\org\springframework\boot\spring-boot\3.5.9\spring-boot-3.5.9.jar;C:\Users\mbeua\.m2\repository\org\springframework\boot\spring-boot-autoconfigure\3.5.9\spring-boot-autoconfigure-3.5.9.jar;C:\Users\mbeua\.m2\repository\org\springframework\boot\spring-boot-starter-logging\3.5.9\spring-boot-starter-logging-3.5.9.jar;C:\Users\mbeua\.m2\repository\org\apache\logging\log4j\log4j-to-slf4j\2.24.3\log4j-to-slf4j-2.24.3.jar;C:\Users\mbeua\.m2\repository\org\apache\logging\log4j\log4j-api\2.24.3\log4j-api-2.24.3.jar;C:\Users\mbeua\.m2\repository\org\slf4j\jul-to-slf4j\2.0.17\jul-to-slf4j-2.0.17.jar;C:\Users\mbeua\.m2\repository\jakarta\annotation\jakarta.annotation-api\2.1.1\jakarta.annotation-api-2.1.1.jar;C:\Users\mbeua\.m2\repository\org\yaml\snakeyaml\2.4\snakeyaml-2.4.jar;C:\Users\mbeua\.m2\repository\org\springframework\boot\spring-boot-starter-json\3.5.9\spring-boot-starter-json-3.5.9.jar;C:\Users\mbeua\.m2\repository\com\fasterxml\jackson\datatype\jackson-datatype-jdk8\2.19.4\jackson-datatype-jdk8-2.19.4.jar;C:\Users\mbeua\.m2\repository\com\fasterxml\jackson\datatype\jackson-datatype-jsr310\2.19.4\jackson-datatype-jsr310-2.19.4.jar;C:\Users\mbeua\.m2\repository\com\fasterxml\jackson\module\jackson-module-parameter-names\2.19.4\jackson-module-parameter-names-2.19.4.jar;C:\Users\mbeua\.m2\repository\org\springframework\boot\spring-boot-starter-tomcat\3.5.9\spring-boot-starter-tomcat-3.5.9.jar;C:\Users\mbeua\.m2\repository\org\apache\tomcat\embed\tomcat-embed-core\10.1.50\tomcat-embed-core-10.1.50.jar;C:\Users\mbeua\.m2\repository\org\apache\tomcat\embed\tomcat-embed-el\10.1.50\tomcat-embed-el-10.1.50.jar;C:\Users\mbeua\.m2\repository\org\apache\tomcat\embed\tomcat-embed-websocket\10.1.50\tomcat-embed-websocket-10.1.50.jar;C:\Users\mbeua\.m2\repository\org\springframework\spring-web\6.2.15\spring-web-6.2.15.jar;C:\Users\mbeua\.m2\repository\org\springframework\spring-beans\6.2.15\spring-beans-6.2.15.jar;C:\Users\mbeua\.m2\repository\org\springframework\spring-webmvc\6.2.15\spring-webmvc-6.2.15.jar;C:\Users\mbeua\.m2\repository\org\springframework\spring-aop\6.2.15\spring-aop-6.2.15.jar;C:\Users\mbeua\.m2\repository\org\springframework\spring-expression\6.2.15\spring-expression-6.2.15.jar;C:\Users\mbeua\.m2\repository\org\springframework\boot\spring-boot-starter-data-mongodb\3.5.9\spring-boot-starter-data-mongodb-3.5.9.jar;C:\Users\mbeua\.m2\repository\org\mongodb\mongodb-driver-sync\5.5.2\mongodb-driver-sync-5.5.2.jar;C:\Users\mbeua\.m2\repository\org\mongodb\bson\5.5.2\bson-5.5.2.jar;C:\Users\mbeua\.m2\repository\org\mongodb\mongodb-driver-core\5.5.2\mongodb-driver-core-5.5.2.jar;C:\Users\mbeua\.m2\repository\org\mongodb\bson-record-codec\5.5.2\bson-record-codec-5.5.2.jar;C:\Users\mbeua\.m2\repository\org\springframework\data\spring-data-mongodb\4.5.7\spring-data-mongodb-4.5.7.jar;C:\Users\mbeua\.m2\repository\org\springframework\data\spring-data-commons\3.5.7\spring-data-commons-3.5.7.jar;C:\Users\mbeua\.m2\repository\org\springframework\cloud\spring-cloud-starter-consul-discovery\4.3.0\spring-cloud-starter-consul-discovery-4.3.0.jar;C:\Users\mbeua\.m2\repository\org\springframework\cloud\spring-cloud-starter-consul\4.3.0\spring-cloud-starter-consul-4.3.0.jar;C:\Users\mbeua\.m2\repository\org\springframework\cloud\spring-cloud-consul-core\4.3.0\spring-cloud-consul-core-4.3.0.jar;C:\Users\mbeua\.m2\repository\org\springframework\boot\spring-boot-starter-validation\3.5.9\spring-boot-starter-validation-3.5.9.jar;C:\Users\mbeua\.m2\repository\org\hibernate\validator\hibernate-validator\8.0.3.Final\hibernate-validator-8.0.3.Final.jar;C:\Users\mbeua\.m2\repository\jakarta\validation\jakarta.validation-api\3.0.2\jakarta.validation-api-3.0.2.jar;C:\Users\mbeua\.m2\repository\org\jboss\logging\jboss-logging\3.6.1.Final\jboss-logging-3.6.1.Final.jar;C:\Users\mbeua\.m2\repository\com\fasterxml\classmate\1.7.1\classmate-1.7.1.jar;C:\Users\mbeua\.m2\repository\com\ecwid\consul\consul-api\1.4.5\consul-api-1.4.5.jar;C:\Users\mbeua\.m2\repository\com\google\code\gson\gson\2.13.2\gson-2.13.2.jar;C:\Users\mbeua\.m2\repository\com\google\errorprone\error_prone_annotations\2.41.0\error_prone_annotations-2.41.0.jar;C:\Users\mbeua\.m2\repository\org\apache\httpcomponents\httpclient\4.5.14\httpclient-4.5.14.jar;C:\Users\mbeua\.m2\repository\commons-logging\commons-logging\1.2\commons-logging-1.2.jar;C:\Users\mbeua\.m2\repository\commons-codec\commons-codec\1.18.0\commons-codec-1.18.0.jar;C:\Users\mbeua\.m2\repository\org\apache\httpcomponents\httpcore\4.4.16\httpcore-4.4.16.jar;C:\Users\mbeua\.m2\repository\org\springframework\cloud\spring-cloud-consul-discovery\4.3.0\spring-cloud-consul-discovery-4.3.0.jar;C:\Users\mbeua\.m2\repository\org\springframework\cloud\spring-cloud-starter-loadbalancer\4.3.0\spring-cloud-starter-loadbalancer-4.3.0.jar;C:\Users\mbeua\.m2\repository\org\springframework\cloud\spring-cloud-loadbalancer\4.3.0\spring-cloud-loadbalancer-4.3.0.jar;C:\Users\mbeua\.m2\repository\io\projectreactor\reactor-core\3.7.14\reactor-core-3.7.14.jar;C:\Users\mbeua\.m2\repository\org\reactivestreams\reactive-streams\1.0.4\reactive-streams-1.0.4.jar;C:\Users\mbeua\.m2\repository\io\projectreactor\addons\reactor-extra\3.5.4\reactor-extra-3.5.4.jar;C:\Users\mbeua\.m2\repository\org\springframework\boot\spring-boot-starter-cache\3.5.9\spring-boot-starter-cache-3.5.9.jar;C:\Users\mbeua\.m2\repository\org\springframework\spring-context-support\6.2.15\spring-context-support-6.2.15.jar;C:\Users\mbeua\.m2\repository\com\stoyanr\evictor\1.0.0\evictor-1.0.0.jar;C:\Users\mbeua\.m2\repository\org\springframework\cloud\spring-cloud-starter-config\4.3.0\spring-cloud-starter-config-4.3.0.jar;C:\Users\mbeua\.m2\repository\org\springframework\cloud\spring-cloud-starter\4.3.0\spring-cloud-starter-4.3.0.jar;C:\Users\mbeua\.m2\repository\org\springframework\cloud\spring-cloud-context\4.3.0\spring-cloud-context-4.3.0.jar;C:\Users\mbeua\.m2\repository\org\bouncycastle\bcprov-jdk18on\1.80\bcprov-jdk18on-1.80.jar;C:\Users\mbeua\.m2\repository\org\springframework\cloud\spring-cloud-config-client\4.3.0\spring-cloud-config-client-4.3.0.jar;C:\Users\mbeua\.m2\repository\com\fasterxml\jackson\core\jackson-annotations\2.19.4\jackson-annotations-2.19.4.jar;C:\Users\mbeua\.m2\repository\org\apache\httpcomponents\client5\httpclient5\5.5.1\httpclient5-5.5.1.jar;C:\Users\mbeua\.m2\repository\org\apache\httpcomponents\core5\httpcore5\5.3.6\httpcore5-5.3.6.jar;C:\Users\mbeua\.m2\repository\org\apache\httpcomponents\core5\httpcore5-h2\5.3.6\httpcore5-h2-5.3.6.jar;C:\Users\mbeua\.m2\repository\com\fasterxml\jackson\core\jackson-databind\2.19.4\jackson-databind-2.19.4.jar;C:\Users\mbeua\.m2\repository\com\fasterxml\jackson\core\jackson-core\2.19.4\jackson-core-2.19.4.jar;C:\Users\mbeua\.m2\repository\org\springframework\cloud\spring-cloud-starter-openfeign\4.3.0\spring-cloud-starter-openfeign-4.3.0.jar;C:\Users\mbeua\.m2\repository\org\springframework\cloud\spring-cloud-openfeign-core\4.3.0\spring-cloud-openfeign-core-4.3.0.jar;C:\Users\mbeua\.m2\repository\io\github\openfeign\feign-form-spring\13.6\feign-form-spring-13.6.jar;C:\Users\mbeua\.m2\repository\org\apache\commons\commons-text\1.13.0\commons-text-1.13.0.jar;C:\Users\mbeua\.m2\repository\org\apache\commons\commons-lang3\3.17.0\commons-lang3-3.17.0.jar;C:\Users\mbeua\.m2\repository\io\github\openfeign\feign-form\13.6\feign-form-13.6.jar;C:\Users\mbeua\.m2\repository\commons-fileupload\commons-fileupload\1.5\commons-fileupload-1.5.jar;C:\Users\mbeua\.m2\repository\org\springframework\cloud\spring-cloud-commons\4.3.0\spring-cloud-commons-4.3.0.jar;C:\Users\mbeua\.m2\repository\org\springframework\security\spring-security-crypto\6.5.7\spring-security-crypto-6.5.7.jar;C:\Users\mbeua\.m2\repository\io\github\openfeign\feign-core\13.6\feign-core-13.6.jar;C:\Users\mbeua\.m2\repository\io\github\openfeign\feign-slf4j\13.6\feign-slf4j-13.6.jar;C:\Users\mbeua\.m2\repository\org\springframework\boot\spring-boot-starter-actuator\3.5.9\spring-boot-starter-actuator-3.5.9.jar;C:\Users\mbeua\.m2\repository\org\springframework\boot\spring-boot-actuator-autoconfigure\3.5.9\spring-boot-actuator-autoconfigure-3.5.9.jar;C:\Users\mbeua\.m2\repository\org\springframework\boot\spring-boot-actuator\3.5.9\spring-boot-actuator-3.5.9.jar;C:\Users\mbeua\.m2\repository\io\micrometer\micrometer-observation\1.15.7\micrometer-observation-1.15.7.jar;C:\Users\mbeua\.m2\repository\io\micrometer\micrometer-commons\1.15.7\micrometer-commons-1.15.7.jar;C:\Users\mbeua\.m2\repository\io\micrometer\micrometer-jakarta9\1.15.7\micrometer-jakarta9-1.15.7.jar;C:\Users\mbeua\.m2\repository\org\springframework\kafka\spring-kafka\3.3.11\spring-kafka-3.3.11.jar;C:\Users\mbeua\.m2\repository\org\springframework\spring-context\6.2.15\spring-context-6.2.15.jar;C:\Users\mbeua\.m2\repository\org\springframework\spring-messaging\6.2.15\spring-messaging-6.2.15.jar;C:\Users\mbeua\.m2\repository\org\springframework\spring-tx\6.2.15\spring-tx-6.2.15.jar;C:\Users\mbeua\.m2\repository\org\springframework\retry\spring-retry\2.0.12\spring-retry-2.0.12.jar;C:\Users\mbeua\.m2\repository\org\apache\kafka\kafka-clients\3.9.1\kafka-clients-3.9.1.jar;C:\Users\mbeua\.m2\repository\com\github\luben\zstd-jni\1.5.6-4\zstd-jni-1.5.6-4.jar;C:\Users\mbeua\.m2\repository\org\lz4\lz4-java\1.8.0\lz4-java-1.8.0.jar;C:\Users\mbeua\.m2\repository\org\xerial\snappy\snappy-java\1.1.10.5\snappy-java-1.1.10.5.jar;C:\Users\mbeua\.m2\repository\io\micrometer\micrometer-tracing-bridge-otel\1.5.7\micrometer-tracing-bridge-otel-1.5.7.jar;C:\Users\mbeua\.m2\repository\io\micrometer\micrometer-tracing\1.5.7\micrometer-tracing-1.5.7.jar;C:\Users\mbeua\.m2\repository\io\micrometer\context-propagation\1.1.3\context-propagation-1.1.3.jar;C:\Users\mbeua\.m2\repository\aopalliance\aopalliance\1.0\aopalliance-1.0.jar;C:\Users\mbeua\.m2\repository\org\slf4j\slf4j-api\2.0.17\slf4j-api-2.0.17.jar;C:\Users\mbeua\.m2\repository\io\opentelemetry\opentelemetry-api\1.49.0\opentelemetry-api-1.49.0.jar;C:\Users\mbeua\.m2\repository\io\opentelemetry\opentelemetry-context\1.49.0\opentelemetry-context-1.49.0.jar;C:\Users\mbeua\.m2\repository\io\opentelemetry\semconv\opentelemetry-semconv\1.32.0\opentelemetry-semconv-1.32.0.jar;C:\Users\mbeua\.m2\repository\io\opentelemetry\opentelemetry-sdk-common\1.49.0\opentelemetry-sdk-common-1.49.0.jar;C:\Users\mbeua\.m2\repository\io\opentelemetry\opentelemetry-sdk-trace\1.49.0\opentelemetry-sdk-trace-1.49.0.jar;C:\Users\mbeua\.m2\repository\io\opentelemetry\opentelemetry-sdk\1.49.0\opentelemetry-sdk-1.49.0.jar;C:\Users\mbeua\.m2\repository\io\opentelemetry\opentelemetry-sdk-metrics\1.49.0\opentelemetry-sdk-metrics-1.49.0.jar;C:\Users\mbeua\.m2\repository\io\opentelemetry\opentelemetry-sdk-logs\1.49.0\opentelemetry-sdk-logs-1.49.0.jar;C:\Users\mbeua\.m2\repository\io\opentelemetry\opentelemetry-extension-trace-propagators\1.49.0\opentelemetry-extension-trace-propagators-1.49.0.jar;C:\Users\mbeua\.m2\repository\io\github\openfeign\feign-micrometer\13.6\feign-micrometer-13.6.jar;C:\Users\mbeua\.m2\repository\io\micrometer\micrometer-core\1.15.7\micrometer-core-1.15.7.jar;C:\Users\mbeua\.m2\repository\org\hdrhistogram\HdrHistogram\2.2.2\HdrHistogram-2.2.2.jar;C:\Users\mbeua\.m2\repository\org\latencyutils\LatencyUtils\2.0.3\LatencyUtils-2.0.3.jar;C:\Users\mbeua\.m2\repository\io\opentelemetry\opentelemetry-exporter-zipkin\1.49.0\opentelemetry-exporter-zipkin-1.49.0.jar;C:\Users\mbeua\.m2\repository\io\zipkin\reporter2\zipkin-reporter\3.5.1\zipkin-reporter-3.5.1.jar;C:\Users\mbeua\.m2\repository\io\zipkin\zipkin2\zipkin\2.27.1\zipkin-2.27.1.jar;C:\Users\mbeua\.m2\repository\io\opentelemetry\opentelemetry-exporter-common\1.49.0\opentelemetry-exporter-common-1.49.0.jar;C:\Users\mbeua\.m2\repository\io\opentelemetry\opentelemetry-sdk-extension-autoconfigure-spi\1.49.0\opentelemetry-sdk-extension-autoconfigure-spi-1.49.0.jar;C:\Users\mbeua\.m2\repository\io\zipkin\reporter2\zipkin-sender-okhttp3\3.5.1\zipkin-sender-okhttp3-3.5.1.jar;C:\Users\mbeua\.m2\repository\com\squareup\okhttp3\okhttp\4.12.0\okhttp-4.12.0.jar;C:\Users\mbeua\.m2\repository\com\squareup\okio\okio\3.6.0\okio-3.6.0.jar;C:\Users\mbeua\.m2\repository\com\squareup\okio\okio-jvm\3.6.0\okio-jvm-3.6.0.jar;C:\Users\mbeua\.m2\repository\org\jetbrains\kotlin\kotlin-stdlib-common\1.9.25\kotlin-stdlib-common-1.9.25.jar;C:\Users\mbeua\.m2\repository\org\jetbrains\kotlin\kotlin-stdlib-jdk8\1.9.25\kotlin-stdlib-jdk8-1.9.25.jar;C:\Users\mbeua\.m2\repository\org\jetbrains\kotlin\kotlin-stdlib\1.9.25\kotlin-stdlib-1.9.25.jar;C:\Users\mbeua\.m2\repository\org\jetbrains\kotlin\kotlin-stdlib-jdk7\1.9.25\kotlin-stdlib-jdk7-1.9.25.jar;C:\Users\mbeua\.m2\repository\org\springframework\boot\spring-boot-starter-test\3.5.9\spring-boot-starter-test-3.5.9.jar;C:\Users\mbeua\.m2\repository\org\springframework\boot\spring-boot-test\3.5.9\spring-boot-test-3.5.9.jar;C:\Users\mbeua\.m2\repository\org\springframework\boot\spring-boot-test-autoconfigure\3.5.9\spring-boot-test-autoconfigure-3.5.9.jar;C:\Users\mbeua\.m2\repository\com\jayway\jsonpath\json-path\2.9.0\json-path-2.9.0.jar;C:\Users\mbeua\.m2\repository\jakarta\xml\bind\jakarta.xml.bind-api\4.0.4\jakarta.xml.bind-api-4.0.4.jar;C:\Users\mbeua\.m2\repository\jakarta\activation\jakarta.activation-api\2.1.4\jakarta.activation-api-2.1.4.jar;C:\Users\mbeua\.m2\repository\net\minidev\json-smart\2.5.2\json-smart-2.5.2.jar;C:\Users\mbeua\.m2\repository\net\minidev\accessors-smart\2.5.2\accessors-smart-2.5.2.jar;C:\Users\mbeua\.m2\repository\org\ow2\asm\asm\9.7.1\asm-9.7.1.jar;C:\Users\mbeua\.m2\repository\org\assertj\assertj-core\3.27.6\assertj-core-3.27.6.jar;C:\Users\mbeua\.m2\repository\net\bytebuddy\byte-buddy\1.17.8\byte-buddy-1.17.8.jar;C:\Users\mbeua\.m2\repository\org\awaitility\awaitility\4.2.2\awaitility-4.2.2.jar;C:\Users\mbeua\.m2\repository\org\hamcrest\hamcrest\3.0\hamcrest-3.0.jar;C:\Users\mbeua\.m2\repository\org\junit\jupiter\junit-jupiter\5.12.2\junit-jupiter-5.12.2.jar;C:\Users\mbeua\.m2\repository\org\junit\jupiter\junit-jupiter-params\5.12.2\junit-jupiter-params-5.12.2.jar;C:\Users\mbeua\.m2\repository\org\junit\jupiter\junit-jupiter-engine\5.12.2\junit-jupiter-engine-5.12.2.jar;C:\Users\mbeua\.m2\repository\org\mockito\mockito-core\5.17.0\mockito-core-5.17.0.jar;C:\Users\mbeua\.m2\repository\net\bytebuddy\byte-buddy-agent\1.17.8\byte-buddy-agent-1.17.8.jar;C:\Users\mbeua\.m2\repository\org\objenesis\objenesis\3.3\objenesis-3.3.jar;C:\Users\mbeua\.m2\repository\org\mockito\mockito-junit-jupiter\5.17.0\mockito-junit-jupiter-5.17.0.jar;C:\Users\mbeua\.m2\repository\org\skyscreamer\jsonassert\1.5.3\jsonassert-1.5.3.jar;C:\Users\mbeua\.m2\repository\com\vaadin\external\google\android-json\0.0.20131108.vaadin1\android-json-0.0.20131108.vaadin1.jar;C:\Users\mbeua\.m2\repository\org\springframework\spring-core\6.2.15\spring-core-6.2.15.jar;C:\Users\mbeua\.m2\repository\org\springframework\spring-jcl\6.2.15\spring-jcl-6.2.15.jar;C:\Users\mbeua\.m2\repository\org\springframework\spring-test\6.2.15\spring-test-6.2.15.jar;C:\Users\mbeua\.m2\repository\org\xmlunit\xmlunit-core\2.10.4\xmlunit-core-2.10.4.jar;C:\Users\mbeua\.m2\repository\org\springframework\kafka\spring-kafka-test\3.3.11\spring-kafka-test-3.3.11.jar;C:\Users\mbeua\.m2\repository\org\apache\zookeeper\zookeeper\3.8.5\zookeeper-3.8.5.jar;C:\Users\mbeua\.m2\repository\org\apache\zookeeper\zookeeper-jute\3.8.5\zookeeper-jute-3.8.5.jar;C:\Users\mbeua\.m2\repository\org\apache\yetus\audience-annotations\0.12.0\audience-annotations-0.12.0.jar;C:\Users\mbeua\.m2\repository\io\netty\netty-handler\4.1.130.Final\netty-handler-4.1.130.Final.jar;C:\Users\mbeua\.m2\repository\io\netty\netty-common\4.1.130.Final\netty-common-4.1.130.Final.jar;C:\Users\mbeua\.m2\repository\io\netty\netty-resolver\4.1.130.Final\netty-resolver-4.1.130.Final.jar;C:\Users\mbeua\.m2\repository\io\netty\netty-buffer\4.1.130.Final\netty-buffer-4.1.130.Final.jar;C:\Users\mbeua\.m2\repository\io\netty\netty-transport\4.1.130.Final\netty-transport-4.1.130.Final.jar;C:\Users\mbeua\.m2\repository\io\netty\netty-transport-native-unix-common\4.1.130.Final\netty-transport-native-unix-common-4.1.130.Final.jar;C:\Users\mbeua\.m2\repository\io\netty\netty-codec\4.1.130.Final\netty-codec-4.1.130.Final.jar;C:\Users\mbeua\.m2\repository\io\netty\netty-transport-native-epoll\4.1.130.Final\netty-transport-native-epoll-4.1.130.Final.jar;C:\Users\mbeua\.m2\repository\io\netty\netty-transport-classes-epoll\4.1.130.Final\netty-transport-classes-epoll-4.1.130.Final.jar;C:\Users\mbeua\.m2\repository\ch\qos\logback\logback-core\1.5.22\logback-core-1.5.22.jar;C:\Users\mbeua\.m2\repository\ch\qos\logback\logback-classic\1.5.22\logback-classic-1.5.22.jar;C:\Users\mbeua\.m2\repository\commons-io\commons-io\2.17.0\commons-io-2.17.0.jar;C:\Users\mbeua\.m2\repository\org\apache\kafka\kafka-clients\3.9.1\kafka-clients-3.9.1-test.jar;C:\Users\mbeua\.m2\repository\org\apache\kafka\kafka-server\3.9.1\kafka-server-3.9.1.jar;C:\Users\mbeua\.m2\repository\org\apache\kafka\kafka-storage\3.9.1\kafka-storage-3.9.1.jar;C:\Users\mbeua\.m2\repository\com\github\ben-manes\caffeine\caffeine\3.2.3\caffeine-3.2.3.jar;C:\Users\mbeua\.m2\repository\org\jspecify\jspecify\1.0.0\jspecify-1.0.0.jar;C:\Users\mbeua\.m2\repository\org\apache\kafka\kafka-group-coordinator\3.9.1\kafka-group-coordinator-3.9.1.jar;C:\Users\mbeua\.m2\repository\org\apache\kafka\kafka-transaction-coordinator\3.9.1\kafka-transaction-coordinator-3.9.1.jar;C:\Users\mbeua\.m2\repository\org\apache\kafka\kafka-raft\3.9.1\kafka-raft-3.9.1.jar;C:\Users\mbeua\.m2\repository\com\yammer\metrics\metrics-core\2.2.0\metrics-core-2.2.0.jar;C:\Users\mbeua\.m2\repository\org\apache\kafka\kafka-metadata\3.9.1\kafka-metadata-3.9.1.jar;C:\Users\mbeua\.m2\repository\org\apache\kafka\kafka-server-common\3.9.1\kafka-server-common-3.9.1.jar;C:\Users\mbeua\.m2\repository\net\sf\jopt-simple\jopt-simple\5.0.4\jopt-simple-5.0.4.jar;C:\Users\mbeua\.m2\repository\org\pcollections\pcollections\4.0.1\pcollections-4.0.1.jar;C:\Users\mbeua\.m2\repository\org\apache\kafka\kafka-server-common\3.9.1\kafka-server-common-3.9.1-test.jar;C:\Users\mbeua\.m2\repository\org\apache\kafka\kafka-streams-test-utils\3.9.1\kafka-streams-test-utils-3.9.1.jar;C:\Users\mbeua\.m2\repository\org\apache\kafka\kafka-streams\3.9.1\kafka-streams-3.9.1.jar;C:\Users\mbeua\.m2\repository\org\rocksdb\rocksdbjni\7.9.2\rocksdbjni-7.9.2.jar;C:\Users\mbeua\.m2\repository\org\apache\kafka\kafka_2.13\3.9.1\kafka_2.13-3.9.1.jar;C:\Users\mbeua\.m2\repository\org\scala-lang\scala-library\2.13.15\scala-library-2.13.15.jar;C:\Users\mbeua\.m2\repository\org\apache\kafka\kafka-group-coordinator-api\3.9.1\kafka-group-coordinator-api-3.9.1.jar;C:\Users\mbeua\.m2\repository\org\apache\kafka\kafka-storage-api\3.9.1\kafka-storage-api-3.9.1.jar;C:\Users\mbeua\.m2\repository\org\apache\kafka\kafka-tools-api\3.9.1\kafka-tools-api-3.9.1.jar;C:\Users\mbeua\.m2\repository\net\sourceforge\argparse4j\argparse4j\0.7.0\argparse4j-0.7.0.jar;C:\Users\mbeua\.m2\repository\commons-validator\commons-validator\1.7\commons-validator-1.7.jar;C:\Users\mbeua\.m2\repository\commons-beanutils\commons-beanutils\1.9.4\commons-beanutils-1.9.4.jar;C:\Users\mbeua\.m2\repository\commons-digester\commons-digester\2.1\commons-digester-2.1.jar;C:\Users\mbeua\.m2\repository\commons-collections\commons-collections\3.2.2\commons-collections-3.2.2.jar;C:\Users\mbeua\.m2\repository\com\fasterxml\jackson\module\jackson-module-scala_2.13\2.19.4\jackson-module-scala_2.13-2.19.4.jar;C:\Users\mbeua\.m2\repository\com\thoughtworks\paranamer\paranamer\2.8.3\paranamer-2.8.3.jar;C:\Users\mbeua\.m2\repository\com\fasterxml\jackson\dataformat\jackson-dataformat-csv\2.19.4\jackson-dataformat-csv-2.19.4.jar;C:\Users\mbeua\.m2\repository\org\bitbucket\b_c\jose4j\0.9.4\jose4j-0.9.4.jar;C:\Users\mbeua\.m2\repository\org\scala-lang\modules\scala-collection-compat_2.13\2.10.0\scala-collection-compat_2.13-2.10.0.jar;C:\Users\mbeua\.m2\repository\org\scala-lang\modules\scala-java8-compat_2.13\1.0.2\scala-java8-compat_2.13-1.0.2.jar;C:\Users\mbeua\.m2\repository\org\scala-lang\scala-reflect\2.13.15\scala-reflect-2.13.15.jar;C:\Users\mbeua\.m2\repository\com\typesafe\scala-logging\scala-logging_2.13\3.9.5\scala-logging_2.13-3.9.5.jar;C:\Users\mbeua\.m2\repository\io\dropwizard\metrics\metrics-core\4.1.12.1\metrics-core-4.1.12.1.jar;C:\Users\mbeua\.m2\repository\commons-cli\commons-cli\1.4\commons-cli-1.4.jar;C:\Users\mbeua\.m2\repository\org\apache\kafka\kafka_2.13\3.9.1\kafka_2.13-3.9.1-test.jar;C:\Users\mbeua\.m2\repository\org\junit\jupiter\junit-jupiter-api\5.12.2\junit-jupiter-api-5.12.2.jar;C:\Users\mbeua\.m2\repository\org\opentest4j\opentest4j\1.3.0\opentest4j-1.3.0.jar;C:\Users\mbeua\.m2\repository\org\junit\platform\junit-platform-commons\1.12.2\junit-platform-commons-1.12.2.jar;C:\Users\mbeua\.m2\repository\org\apiguardian\apiguardian-api\1.1.2\apiguardian-api-1.1.2.jar;C:\Users\mbeua\.m2\repository\org\junit\platform\junit-platform-launcher\1.12.2\junit-platform-launcher-1.12.2.jar;C:\Users\mbeua\.m2\repository\org\junit\platform\junit-platform-engine\1.12.2\junit-platform-engine-1.12.2.jar;C:\Users\mbeua\.m2\repository\org\testcontainers\junit-jupiter\1.21.4\junit-jupiter-1.21.4.jar;C:\Users\mbeua\.m2\repository\org\testcontainers\testcontainers\1.21.4\testcontainers-1.21.4.jar;C:\Users\mbeua\.m2\repository\junit\junit\4.13.2\junit-4.13.2.jar;C:\Users\mbeua\.m2\repository\org\hamcrest\hamcrest-core\3.0\hamcrest-core-3.0.jar;C:\Users\mbeua\.m2\repository\org\apache\commons\commons-compress\1.24.0\commons-compress-1.24.0.jar;C:\Users\mbeua\.m2\repository\org\rnorth\duct-tape\duct-tape\1.0.8\duct-tape-1.0.8.jar;C:\Users\mbeua\.m2\repository\org\jetbrains\annotations\17.0.0\annotations-17.0.0.jar;C:\Users\mbeua\.m2\repository\com\github\docker-java\docker-java-api\3.4.2\docker-java-api-3.4.2.jar;C:\Users\mbeua\.m2\repository\com\github\docker-java\docker-java-transport-zerodep\3.4.2\docker-java-transport-zerodep-3.4.2.jar;C:\Users\mbeua\.m2\repository\com\github\docker-java\docker-java-transport\3.4.2\docker-java-transport-3.4.2.jar;C:\Users\mbeua\.m2\repository\net\java\dev\jna\jna\5.13.0\jna-5.13.0.jar;C:\Users\mbeua\.m2\repository\org\testcontainers\kafka\1.21.4\kafka-1.21.4.jar;
2026-03-09T12:08:12.351-05:00  INFO 20896 --- [product-service] [           main] [                                                 ] o.a.zookeeper.server.ZooKeeperServer     : Server environment:java.library.path=C:\Program Files\Java\jdk-17\bin;C:\WINDOWS\Sun\Java\bin;C:\WINDOWS\system32;C:\WINDOWS;C:\Users\mbeua\.codex\tmp\arg0\codex-arg0Id6Lbj;C:\Program Files\Java\jdk-17\bin;C:\Users\mbeua\AppData\Local\Programs\Microsoft VS Code\bin;C:\Program Files\Common Files\Oracle\Java\javapath;C:\Program Files (x86)\Common Files\Oracle\Java\java8path;C:\Program Files (x86)\Common Files\Oracle\Java\javapath;C:\WINDOWS\system32;C:\WINDOWS;C:\WINDOWS\System32\Wbem;C:\WINDOWS\System32\WindowsPowerShell\v1.0\;C:\WINDOWS\System32\OpenSSH\;C:\Program Files\MongoDB\Server\6.0\bin;C:\Users\mbeua\AppData\Local\Packages\PythonSoftwareFoundation.Python.3.11_qbz5n2kfra8p0\LocalCache\local-packages\Python311\Scripts;C:\Program Files\Git\cmd;C:\Users\mbeua\AppData\Roaming\nvm;C:\Program Files\nodejs;C:\Users\mbeua\.cargo\bin;C:\Program Files\Amazon\AWSCLIV2\;C:\Program Files\apache-maven-3.9.9\bin;C:\Program Files\PuTTY\;C:\Program Files\heroku\bin;C:\Program Files\dotnet\;C:\ProgramData\chocolatey\bin;C:\Program Files\Docker\Docker\resources\bin;C:\Program Files\Java\jdk-17\bin;C:\Users\mbeua\AppData\Local\Programs\Microsoft VS Code\bin;C:\Program Files\Common Files\Oracle\Java\javapath;C:\Program Files (x86)\Common Files\Oracle\Java\java8path;C:\Program Files (x86)\Common Files\Oracle\Java\javapath;C:\WINDOWS\system32;C:\WINDOWS;C:\WINDOWS\System32\Wbem;C:\WINDOWS\System32\WindowsPowerShell\v1.0\;C:\WINDOWS\System32\OpenSSH\;C:\Program Files\MongoDB\Server\6.0\bin;C:\Users\mbeua\AppData\Local\Packages\PythonSoftwareFoundation.Python.3.11_qbz5n2kfra8p0\LocalCache\local-packages\Python311\Scripts;C:\Program Files\Git\cmd;C:\Users\mbeua\AppData\Roaming\nvm;C:\Program Files\nodejs;C:\Users\mbeua\.cargo\bin;C:\Program Files\Amazon\AWSCLIV2\;C:\Program Files\apache-maven-3.9.9\bin;C:\Program Files\PuTTY\;C:\Program Files\heroku\bin;C:\Program Files\dotnet\;C:\Program Files\nodejs\;C:\Program Files\Docker\Docker\resources\bin;C:\Users\mbeua\AppData\Local\Microsoft\WindowsApps;C:\Program Files\JetBrains\IntelliJ IDEA Community Edition 2025.2.1\bin;C:\Progra;C:\Users\mbeua\AppData\Local\Programs\Ollama;C:\Users\mbeua\AppData\Local\GitHubDesktop\bin;C:\Users\mbeua\.bun\bin;c:\Users\mbeua\.vscode\extensions\openai.chatgpt-26.304.20706-win32-x64\bin\windows-x86_64;.
2026-03-09T12:08:12.352-05:00  INFO 20896 --- [product-service] [           main] [                                                 ] o.a.zookeeper.server.ZooKeeperServer     : Server environment:java.io.tmpdir=C:\Users\mbeua\AppData\Local\Temp\
2026-03-09T12:08:12.353-05:00  INFO 20896 --- [product-service] [           main] [                                                 ] o.a.zookeeper.server.ZooKeeperServer     : Server environment:java.compiler=<NA>
2026-03-09T12:08:12.354-05:00  INFO 20896 --- [product-service] [           main] [                                                 ] o.a.zookeeper.server.ZooKeeperServer     : Server environment:os.name=Windows 11
2026-03-09T12:08:12.354-05:00  INFO 20896 --- [product-service] [           main] [                                                 ] o.a.zookeeper.server.ZooKeeperServer     : Server environment:os.arch=amd64
2026-03-09T12:08:12.354-05:00  INFO 20896 --- [product-service] [           main] [                                                 ] o.a.zookeeper.server.ZooKeeperServer     : Server environment:os.version=10.0
2026-03-09T12:08:12.355-05:00  INFO 20896 --- [product-service] [           main] [                                                 ] o.a.zookeeper.server.ZooKeeperServer     : Server environment:user.name=mbeua
2026-03-09T12:08:12.355-05:00  INFO 20896 --- [product-service] [           main] [                                                 ] o.a.zookeeper.server.ZooKeeperServer     : Server environment:user.home=C:\Users\mbeua
2026-03-09T12:08:12.356-05:00  INFO 20896 --- [product-service] [           main] [                                                 ] o.a.zookeeper.server.ZooKeeperServer     : Server environment:user.dir=C:\Users\mbeua\Área de Trabalho\product-stock-platform\product-service
2026-03-09T12:08:12.356-05:00  INFO 20896 --- [product-service] [           main] [                                                 ] o.a.zookeeper.server.ZooKeeperServer     : Server environment:os.memory.free=41MB
2026-03-09T12:08:12.357-05:00  INFO 20896 --- [product-service] [           main] [                                                 ] o.a.zookeeper.server.ZooKeeperServer     : Server environment:os.memory.max=1984MB
2026-03-09T12:08:12.357-05:00  INFO 20896 --- [product-service] [           main] [                                                 ] o.a.zookeeper.server.ZooKeeperServer     : Server environment:os.memory.total=97MB
2026-03-09T12:08:12.358-05:00  INFO 20896 --- [product-service] [           main] [                                                 ] o.a.zookeeper.server.ZooKeeperServer     : zookeeper.enableEagerACLCheck = false
2026-03-09T12:08:12.363-05:00  INFO 20896 --- [product-service] [           main] [                                                 ] o.a.zookeeper.server.ZooKeeperServer     : zookeeper.digest.enabled = true
2026-03-09T12:08:12.364-05:00  INFO 20896 --- [product-service] [           main] [                                                 ] o.a.zookeeper.server.ZooKeeperServer     : zookeeper.closeSessionTxn.enabled = true
2026-03-09T12:08:12.365-05:00  INFO 20896 --- [product-service] [           main] [                                                 ] o.a.zookeeper.server.ZooKeeperServer     : zookeeper.flushDelay = 0 ms
2026-03-09T12:08:12.365-05:00  INFO 20896 --- [product-service] [           main] [                                                 ] o.a.zookeeper.server.ZooKeeperServer     : zookeeper.maxWriteQueuePollTime = 0 ms
2026-03-09T12:08:12.367-05:00  INFO 20896 --- [product-service] [           main] [                                                 ] o.a.zookeeper.server.ZooKeeperServer     : zookeeper.maxBatchSize=1000
2026-03-09T12:08:12.367-05:00  INFO 20896 --- [product-service] [           main] [                                                 ] o.a.zookeeper.server.ZooKeeperServer     : zookeeper.intBufferStartingSizeBytes = 1024
2026-03-09T12:08:12.376-05:00  INFO 20896 --- [product-service] [           main] [                                                 ] o.a.z.server.persistence.FileTxnSnapLog  : zookeeper.snapshot.trust.empty : false
2026-03-09T12:08:12.446-05:00  INFO 20896 --- [product-service] [           main] [                                                 ] o.a.z.server.watch.WatchManagerFactory   : Using org.apache.zookeeper.server.watch.WatchManager as watch manager
2026-03-09T12:08:12.447-05:00  INFO 20896 --- [product-service] [           main] [                                                 ] o.a.z.server.watch.WatchManagerFactory   : Using org.apache.zookeeper.server.watch.WatchManager as watch manager
2026-03-09T12:08:12.449-05:00  INFO 20896 --- [product-service] [           main] [                                                 ] org.apache.zookeeper.server.ZKDatabase   : zookeeper.snapshotSizeFactor = 0.33
2026-03-09T12:08:12.449-05:00  INFO 20896 --- [product-service] [           main] [                                                 ] org.apache.zookeeper.server.ZKDatabase   : zookeeper.commitLogCount=500
2026-03-09T12:08:12.463-05:00  INFO 20896 --- [product-service] [           main] [                                                 ] o.apache.zookeeper.server.BlueThrottle   : Weighed connection throttling is disabled
2026-03-09T12:08:12.472-05:00  INFO 20896 --- [product-service] [           main] [                                                 ] o.a.zookeeper.server.ZooKeeperServer     : minSessionTimeout set to 1600 ms
2026-03-09T12:08:12.472-05:00  INFO 20896 --- [product-service] [           main] [                                                 ] o.a.zookeeper.server.ZooKeeperServer     : maxSessionTimeout set to 16000 ms
2026-03-09T12:08:12.479-05:00  INFO 20896 --- [product-service] [           main] [                                                 ] o.apache.zookeeper.server.ResponseCache  : getData response cache size is initialized with value 400.
2026-03-09T12:08:12.479-05:00  INFO 20896 --- [product-service] [           main] [                                                 ] o.apache.zookeeper.server.ResponseCache  : getChildren response cache size is initialized with value 400.
2026-03-09T12:08:12.484-05:00  INFO 20896 --- [product-service] [           main] [                                                 ] o.a.z.s.u.RequestPathMetricsCollector    : zookeeper.pathStats.slotCapacity = 60
2026-03-09T12:08:12.484-05:00  INFO 20896 --- [product-service] [           main] [                                                 ] o.a.z.s.u.RequestPathMetricsCollector    : zookeeper.pathStats.slotDuration = 15
2026-03-09T12:08:12.484-05:00  INFO 20896 --- [product-service] [           main] [                                                 ] o.a.z.s.u.RequestPathMetricsCollector    : zookeeper.pathStats.maxDepth = 6
2026-03-09T12:08:12.484-05:00  INFO 20896 --- [product-service] [           main] [                                                 ] o.a.z.s.u.RequestPathMetricsCollector    : zookeeper.pathStats.initialDelay = 5
2026-03-09T12:08:12.484-05:00  INFO 20896 --- [product-service] [           main] [                                                 ] o.a.z.s.u.RequestPathMetricsCollector    : zookeeper.pathStats.delay = 5
2026-03-09T12:08:12.486-05:00  INFO 20896 --- [product-service] [           main] [                                                 ] o.a.z.s.u.RequestPathMetricsCollector    : zookeeper.pathStats.enabled = false
2026-03-09T12:08:12.491-05:00  INFO 20896 --- [product-service] [           main] [                                                 ] o.a.zookeeper.server.ZooKeeperServer     : The max bytes for all large requests are set to 104857600
2026-03-09T12:08:12.492-05:00  INFO 20896 --- [product-service] [           main] [                                                 ] o.a.zookeeper.server.ZooKeeperServer     : The large request threshold is set to -1
2026-03-09T12:08:12.495-05:00  INFO 20896 --- [product-service] [           main] [                                                 ] o.a.z.server.AuthenticationHelper        : zookeeper.enforce.auth.enabled = false
2026-03-09T12:08:12.496-05:00  INFO 20896 --- [product-service] [           main] [                                                 ] o.a.z.server.AuthenticationHelper        : zookeeper.enforce.auth.schemes = []
2026-03-09T12:08:12.497-05:00  INFO 20896 --- [product-service] [           main] [                                                 ] o.a.zookeeper.server.ZooKeeperServer     : Created server with tickTime 800 ms minSessionTimeout 1600 ms maxSessionTimeout 16000 ms clientPortListenBacklog -1 datadir C:\Users\mbeua\AppData\Local\Temp\kafka-107825670230997456\version-2 snapdir C:\Users\mbeua\AppData\Local\Temp\kafka-6150928329198973032\version-2
2026-03-09T12:08:12.521-05:00  WARN 20896 --- [product-service] [           main] [                                                 ] o.a.zookeeper.server.ServerCnxnFactory   : maxCnxns is not configured, using default value 0.
2026-03-09T12:08:12.527-05:00  INFO 20896 --- [product-service] [           main] [                                                 ] o.a.z.server.NIOServerCnxnFactory        : Configuring NIO connection handler with 10s sessionless connection timeout, 2 selector thread(s), 16 worker threads, and 64 kB direct buffers.
2026-03-09T12:08:12.612-05:00  INFO 20896 --- [product-service] [           main] [                                                 ] o.a.z.server.NIOServerCnxnFactory        : binding to port /127.0.0.1:0
2026-03-09T12:08:12.702-05:00  INFO 20896 --- [product-service] [           main] [                                                 ] o.a.z.server.persistence.SnapStream      : zookeeper.snapshot.compression.method = CHECKED
2026-03-09T12:08:12.703-05:00  INFO 20896 --- [product-service] [           main] [                                                 ] o.a.z.server.persistence.FileTxnSnapLog  : Snapshotting: 0x0 to C:\Users\mbeua\AppData\Local\Temp\kafka-6150928329198973032\version-2\snapshot.0
2026-03-09T12:08:12.720-05:00  INFO 20896 --- [product-service] [           main] [                                                 ] org.apache.zookeeper.server.ZKDatabase   : Snapshot loaded in 92 ms, highest zxid is 0x0, digest is 1371985504
2026-03-09T12:08:12.722-05:00  INFO 20896 --- [product-service] [           main] [                                                 ] o.a.z.server.persistence.FileTxnSnapLog  : Snapshotting: 0x0 to C:\Users\mbeua\AppData\Local\Temp\kafka-6150928329198973032\version-2\snapshot.0
2026-03-09T12:08:12.725-05:00  INFO 20896 --- [product-service] [           main] [                                                 ] o.a.zookeeper.server.ZooKeeperServer     : Snapshot taken in 2 ms
2026-03-09T12:08:12.762-05:00  INFO 20896 --- [product-service] [0 cport:52560):] [                                                 ] o.a.z.server.PrepRequestProcessor        : PrepRequestProcessor (sid:0) started, reconfigEnabled=false
2026-03-09T12:08:12.762-05:00  INFO 20896 --- [product-service] [           main] [                                                 ] o.a.zookeeper.server.RequestThrottler    : zookeeper.request_throttler.shutdownTimeout = 10000 ms
2026-03-09T12:08:13.443-05:00  INFO 20896 --- [product-service] [           main] [                                                 ] kafka.server.KafkaConfig                 : KafkaConfig values: 
	advertised.listeners = null
	alter.config.policy.class.name = null
	alter.log.dirs.replication.quota.window.num = 11
	alter.log.dirs.replication.quota.window.size.seconds = 1
	authorizer.class.name = 
	auto.create.topics.enable = true
	auto.include.jmx.reporter = true
	auto.leader.rebalance.enable = true
	background.threads = 2
	broker.heartbeat.interval.ms = 2000
	broker.id = 0
	broker.id.generation.enable = true
	broker.rack = null
	broker.session.timeout.ms = 9000
	client.quota.callback.class = null
	compression.gzip.level = -1
	compression.lz4.level = 9
	compression.type = producer
	compression.zstd.level = 3
	connection.failed.authentication.delay.ms = 100
	connections.max.idle.ms = 600000
	connections.max.reauth.ms = 0
	control.plane.listener.name = null
	controlled.shutdown.enable = false
	controlled.shutdown.max.retries = 3
	controlled.shutdown.retry.backoff.ms = 100
	controller.listener.names = null
	controller.quorum.append.linger.ms = 25
	controller.quorum.bootstrap.servers = []
	controller.quorum.election.backoff.max.ms = 1000
	controller.quorum.election.timeout.ms = 1000
	controller.quorum.fetch.timeout.ms = 2000
	controller.quorum.request.timeout.ms = 2000
	controller.quorum.retry.backoff.ms = 20
	controller.quorum.voters = []
	controller.quota.window.num = 11
	controller.quota.window.size.seconds = 1
	controller.socket.timeout.ms = 1000
	create.topic.policy.class.name = null
	default.replication.factor = 1
	delegation.token.expiry.check.interval.ms = 3600000
	delegation.token.expiry.time.ms = 86400000
	delegation.token.master.key = null
	delegation.token.max.lifetime.ms = 604800000
	delegation.token.secret.key = null
	delete.records.purgatory.purge.interval.requests = 1
	delete.topic.enable = true
	early.start.listeners = null
	eligible.leader.replicas.enable = false
	fetch.max.bytes = 57671680
	fetch.purgatory.purge.interval.requests = 1000
	group.consumer.assignors = [org.apache.kafka.coordinator.group.assignor.UniformAssignor, org.apache.kafka.coordinator.group.assignor.RangeAssignor]
	group.consumer.heartbeat.interval.ms = 5000
	group.consumer.max.heartbeat.interval.ms = 15000
	group.consumer.max.session.timeout.ms = 60000
	group.consumer.max.size = 2147483647
	group.consumer.migration.policy = disabled
	group.consumer.min.heartbeat.interval.ms = 5000
	group.consumer.min.session.timeout.ms = 45000
	group.consumer.session.timeout.ms = 45000
	group.coordinator.append.linger.ms = 10
	group.coordinator.new.enable = false
	group.coordinator.rebalance.protocols = [classic]
	group.coordinator.threads = 1
	group.initial.rebalance.delay.ms = 0
	group.max.session.timeout.ms = 1800000
	group.max.size = 2147483647
	group.min.session.timeout.ms = 6000
	group.share.delivery.count.limit = 5
	group.share.enable = false
	group.share.heartbeat.interval.ms = 5000
	group.share.max.groups = 10
	group.share.max.heartbeat.interval.ms = 15000
	group.share.max.record.lock.duration.ms = 60000
	group.share.max.session.timeout.ms = 60000
	group.share.max.size = 200
	group.share.min.heartbeat.interval.ms = 5000
	group.share.min.record.lock.duration.ms = 15000
	group.share.min.session.timeout.ms = 45000
	group.share.partition.max.record.locks = 200
	group.share.record.lock.duration.ms = 30000
	group.share.session.timeout.ms = 45000
	initial.broker.registration.timeout.ms = 60000
	inter.broker.listener.name = null
	inter.broker.protocol.version = 3.9-IV0
	kafka.metrics.polling.interval.secs = 10
	kafka.metrics.reporters = []
	leader.imbalance.check.interval.seconds = 300
	leader.imbalance.per.broker.percentage = 10
	listener.security.protocol.map = SASL_SSL:SASL_SSL,PLAINTEXT:PLAINTEXT,SSL:SSL,SASL_PLAINTEXT:SASL_PLAINTEXT
	listeners = PLAINTEXT://localhost:0
	log.cleaner.backoff.ms = 15000
	log.cleaner.dedupe.buffer.size = 2097152
	log.cleaner.delete.retention.ms = 86400000
	log.cleaner.enable = true
	log.cleaner.io.buffer.load.factor = 0.9
	log.cleaner.io.buffer.size = 524288
	log.cleaner.io.max.bytes.per.second = 1.7976931348623157E308
	log.cleaner.max.compaction.lag.ms = 9223372036854775807
	log.cleaner.min.cleanable.ratio = 0.5
	log.cleaner.min.compaction.lag.ms = 0
	log.cleaner.threads = 1
	log.cleanup.policy = [delete]
	log.dir = C:\Users\mbeua\AppData\Local\Temp\spring.kafka.13923056-70cf-4b42-afce-e17d32e6191511157965765288997024
	log.dir.failure.timeout.ms = 30000
	log.dirs = null
	log.flush.interval.messages = 9223372036854775807
	log.flush.interval.ms = null
	log.flush.offset.checkpoint.interval.ms = 60000
	log.flush.scheduler.interval.ms = 9223372036854775807
	log.flush.start.offset.checkpoint.interval.ms = 60000
	log.index.interval.bytes = 4096
	log.index.size.max.bytes = 10485760
	log.initial.task.delay.ms = 100
	log.local.retention.bytes = -2
	log.local.retention.ms = -2
	log.message.downconversion.enable = true
	log.message.format.version = 3.0-IV1
	log.message.timestamp.after.max.ms = 9223372036854775807
	log.message.timestamp.before.max.ms = 9223372036854775807
	log.message.timestamp.difference.max.ms = 9223372036854775807
	log.message.timestamp.type = CreateTime
	log.preallocate = false
	log.retention.bytes = -1
	log.retention.check.interval.ms = 300000
	log.retention.hours = 168
	log.retention.minutes = null
	log.retention.ms = null
	log.roll.hours = 168
	log.roll.jitter.hours = 0
	log.roll.jitter.ms = null
	log.roll.ms = null
	log.segment.bytes = 1073741824
	log.segment.delete.delay.ms = 1000
	max.connection.creation.rate = 2147483647
	max.connections = 2147483647
	max.connections.per.ip = 2147483647
	max.connections.per.ip.overrides = 
	max.incremental.fetch.session.cache.slots = 1000
	max.request.partition.size.limit = 2000
	message.max.bytes = 1048588
	metadata.log.dir = null
	metadata.log.max.record.bytes.between.snapshots = 20971520
	metadata.log.max.snapshot.interval.ms = 3600000
	metadata.log.segment.bytes = 1073741824
	metadata.log.segment.min.bytes = 8388608
	metadata.log.segment.ms = 604800000
	metadata.max.idle.interval.ms = 500
	metadata.max.retention.bytes = 104857600
	metadata.max.retention.ms = 604800000
	metric.reporters = []
	metrics.num.samples = 2
	metrics.recording.level = INFO
	metrics.sample.window.ms = 30000
	min.insync.replicas = 1
	node.id = 0
	num.io.threads = 8
	num.network.threads = 2
	num.partitions = 3
	num.recovery.threads.per.data.dir = 1
	num.replica.alter.log.dirs.threads = null
	num.replica.fetchers = 1
	offset.metadata.max.bytes = 4096
	offsets.commit.required.acks = -1
	offsets.commit.timeout.ms = 5000
	offsets.load.buffer.size = 5242880
	offsets.retention.check.interval.ms = 600000
	offsets.retention.minutes = 10080
	offsets.topic.compression.codec = 0
	offsets.topic.num.partitions = 5
	offsets.topic.replication.factor = 1
	offsets.topic.segment.bytes = 104857600
	password.encoder.cipher.algorithm = AES/CBC/PKCS5Padding
	password.encoder.iterations = 4096
	password.encoder.key.length = 128
	password.encoder.keyfactory.algorithm = null
	password.encoder.old.secret = null
	password.encoder.secret = null
	principal.builder.class = class org.apache.kafka.common.security.authenticator.DefaultKafkaPrincipalBuilder
	process.roles = []
	producer.id.expiration.check.interval.ms = 600000
	producer.id.expiration.ms = 86400000
	producer.purgatory.purge.interval.requests = 1000
	queued.max.request.bytes = -1
	queued.max.requests = 500
	quota.window.num = 11
	quota.window.size.seconds = 1
	remote.fetch.max.wait.ms = 500
	remote.log.index.file.cache.total.size.bytes = 1073741824
	remote.log.manager.copier.thread.pool.size = -1
	remote.log.manager.copy.max.bytes.per.second = 9223372036854775807
	remote.log.manager.copy.quota.window.num = 11
	remote.log.manager.copy.quota.window.size.seconds = 1
	remote.log.manager.expiration.thread.pool.size = -1
	remote.log.manager.fetch.max.bytes.per.second = 9223372036854775807
	remote.log.manager.fetch.quota.window.num = 11
	remote.log.manager.fetch.quota.window.size.seconds = 1
	remote.log.manager.task.interval.ms = 30000
	remote.log.manager.task.retry.backoff.max.ms = 30000
	remote.log.manager.task.retry.backoff.ms = 500
	remote.log.manager.task.retry.jitter = 0.2
	remote.log.manager.thread.pool.size = 10
	remote.log.metadata.custom.metadata.max.bytes = 128
	remote.log.metadata.manager.class.name = org.apache.kafka.server.log.remote.metadata.storage.TopicBasedRemoteLogMetadataManager
	remote.log.metadata.manager.class.path = null
	remote.log.metadata.manager.impl.prefix = rlmm.config.
	remote.log.metadata.manager.listener.name = null
	remote.log.reader.max.pending.tasks = 100
	remote.log.reader.threads = 10
	remote.log.storage.manager.class.name = null
	remote.log.storage.manager.class.path = null
	remote.log.storage.manager.impl.prefix = rsm.config.
	remote.log.storage.system.enable = false
	replica.fetch.backoff.ms = 1000
	replica.fetch.max.bytes = 1048576
	replica.fetch.min.bytes = 1
	replica.fetch.response.max.bytes = 10485760
	replica.fetch.wait.max.ms = 500
	replica.high.watermark.checkpoint.interval.ms = 9223372036854775807
	replica.lag.time.max.ms = 30000
	replica.selector.class = null
	replica.socket.receive.buffer.bytes = 65536
	replica.socket.timeout.ms = 1000
	replication.quota.window.num = 11
	replication.quota.window.size.seconds = 1
	request.timeout.ms = 30000
	reserved.broker.max.id = 1000
	sasl.client.callback.handler.class = null
	sasl.enabled.mechanisms = [GSSAPI]
	sasl.jaas.config = null
	sasl.kerberos.kinit.cmd = /usr/bin/kinit
	sasl.kerberos.min.time.before.relogin = 60000
	sasl.kerberos.principal.to.local.rules = [DEFAULT]
	sasl.kerberos.service.name = null
	sasl.kerberos.ticket.renew.jitter = 0.05
	sasl.kerberos.ticket.renew.window.factor = 0.8
	sasl.login.callback.handler.class = null
	sasl.login.class = null
	sasl.login.connect.timeout.ms = null
	sasl.login.read.timeout.ms = null
	sasl.login.refresh.buffer.seconds = 300
	sasl.login.refresh.min.period.seconds = 60
	sasl.login.refresh.window.factor = 0.8
	sasl.login.refresh.window.jitter = 0.05
	sasl.login.retry.backoff.max.ms = 10000
	sasl.login.retry.backoff.ms = 100
	sasl.mechanism.controller.protocol = GSSAPI
	sasl.mechanism.inter.broker.protocol = GSSAPI
	sasl.oauthbearer.clock.skew.seconds = 30
	sasl.oauthbearer.expected.audience = null
	sasl.oauthbearer.expected.issuer = null
	sasl.oauthbearer.jwks.endpoint.refresh.ms = 3600000
	sasl.oauthbearer.jwks.endpoint.retry.backoff.max.ms = 10000
	sasl.oauthbearer.jwks.endpoint.retry.backoff.ms = 100
	sasl.oauthbearer.jwks.endpoint.url = null
	sasl.oauthbearer.scope.claim.name = scope
	sasl.oauthbearer.sub.claim.name = sub
	sasl.oauthbearer.token.endpoint.url = null
	sasl.server.callback.handler.class = null
	sasl.server.max.receive.size = 524288
	security.inter.broker.protocol = PLAINTEXT
	security.providers = null
	server.max.startup.time.ms = 9223372036854775807
	socket.connection.setup.timeout.max.ms = 30000
	socket.connection.setup.timeout.ms = 10000
	socket.listen.backlog.size = 50
	socket.receive.buffer.bytes = 102400
	socket.request.max.bytes = 104857600
	socket.send.buffer.bytes = 102400
	ssl.allow.dn.changes = false
	ssl.allow.san.changes = false
	ssl.cipher.suites = []
	ssl.client.auth = none
	ssl.enabled.protocols = [TLSv1.2, TLSv1.3]
	ssl.endpoint.identification.algorithm = https
	ssl.engine.factory.class = null
	ssl.key.password = null
	ssl.keymanager.algorithm = SunX509
	ssl.keystore.certificate.chain = null
	ssl.keystore.key = null
	ssl.keystore.location = null
	ssl.keystore.password = null
	ssl.keystore.type = JKS
	ssl.principal.mapping.rules = DEFAULT
	ssl.protocol = TLSv1.3
	ssl.provider = null
	ssl.secure.random.implementation = null
	ssl.trustmanager.algorithm = PKIX
	ssl.truststore.certificates = null
	ssl.truststore.location = null
	ssl.truststore.password = null
	ssl.truststore.type = JKS
	telemetry.max.bytes = 1048576
	transaction.abort.timed.out.transaction.cleanup.interval.ms = 10000
	transaction.max.timeout.ms = 900000
	transaction.partition.verification.enable = true
	transaction.remove.expired.transaction.cleanup.interval.ms = 3600000
	transaction.state.log.load.buffer.size = 5242880
	transaction.state.log.min.isr = 2
	transaction.state.log.num.partitions = 50
	transaction.state.log.replication.factor = 1
	transaction.state.log.segment.bytes = 104857600
	transactional.id.expiration.ms = 604800000
	unclean.leader.election.enable = false
	unclean.leader.election.interval.ms = 300000
	unstable.api.versions.enable = true
	unstable.feature.versions.enable = true
	zookeeper.clientCnxnSocket = null
	zookeeper.connect = 127.0.0.1:52560
	zookeeper.connection.timeout.ms = 10000
	zookeeper.max.in.flight.requests = 10
	zookeeper.metadata.migration.enable = false
	zookeeper.metadata.migration.min.batch.size = 200
	zookeeper.session.timeout.ms = 18000
	zookeeper.set.acl = false
	zookeeper.ssl.cipher.suites = null
	zookeeper.ssl.client.enable = false
	zookeeper.ssl.crl.enable = false
	zookeeper.ssl.enabled.protocols = null
	zookeeper.ssl.endpoint.identification.algorithm = HTTPS
	zookeeper.ssl.keystore.location = null
	zookeeper.ssl.keystore.password = null
	zookeeper.ssl.keystore.type = null
	zookeeper.ssl.ocsp.enable = false
	zookeeper.ssl.protocol = TLSv1.2
	zookeeper.ssl.truststore.location = null
	zookeeper.ssl.truststore.password = null
	zookeeper.ssl.truststore.type = null

2026-03-09T12:08:13.599-05:00  INFO 20896 --- [product-service] [           main] [                                                 ] org.apache.zookeeper.common.X509Util     : Setting -D jdk.tls.rejectClientInitiatedRenegotiation=true to disable client-initiated TLS renegotiation
2026-03-09T12:08:13.954-05:00  INFO 20896 --- [product-service] [           main] [                                                 ] kafka.server.KafkaServer                 : starting
2026-03-09T12:08:13.955-05:00  INFO 20896 --- [product-service] [           main] [                                                 ] kafka.server.KafkaServer                 : Connecting to zookeeper on 127.0.0.1:52560
2026-03-09T12:08:14.074-05:00  INFO 20896 --- [product-service] [           main] [                                                 ] kafka.zookeeper.ZooKeeperClient          : [ZooKeeperClient Kafka server] Initializing a new session to 127.0.0.1:52560.
2026-03-09T12:08:19.056-05:00  INFO 20896 --- [product-service] [           main] [                                                 ] org.apache.zookeeper.ZooKeeper           : Client environment:zookeeper.version=3.8.5-19f1842d4b6ee1f82cc8b05284959b26c6ae507d, built on 2025-09-03 21:35 UTC
2026-03-09T12:08:19.058-05:00  INFO 20896 --- [product-service] [           main] [                                                 ] org.apache.zookeeper.ZooKeeper           : Client environment:host.name=LAPTOP-F8AS2F18
2026-03-09T12:08:19.059-05:00  INFO 20896 --- [product-service] [           main] [                                                 ] org.apache.zookeeper.ZooKeeper           : Client environment:java.version=17.0.11
2026-03-09T12:08:19.059-05:00  INFO 20896 --- [product-service] [           main] [                                                 ] org.apache.zookeeper.ZooKeeper           : Client environment:java.vendor=Oracle Corporation
2026-03-09T12:08:19.059-05:00  INFO 20896 --- [product-service] [           main] [                                                 ] org.apache.zookeeper.ZooKeeper           : Client environment:java.home=C:\Program Files\Java\jdk-17
2026-03-09T12:08:19.059-05:00  INFO 20896 --- [product-service] [           main] [                                                 ] org.apache.zookeeper.ZooKeeper           : Client environment:java.class.path=C:\Users\mbeua\Área de Trabalho\product-stock-platform\product-service\target\test-classes;C:\Users\mbeua\Área de Trabalho\product-stock-platform\product-service\target\classes;C:\Users\mbeua\.m2\repository\org\springframework\boot\spring-boot-starter-web\3.5.9\spring-boot-starter-web-3.5.9.jar;C:\Users\mbeua\.m2\repository\org\springframework\boot\spring-boot-starter\3.5.9\spring-boot-starter-3.5.9.jar;C:\Users\mbeua\.m2\repository\org\springframework\boot\spring-boot\3.5.9\spring-boot-3.5.9.jar;C:\Users\mbeua\.m2\repository\org\springframework\boot\spring-boot-autoconfigure\3.5.9\spring-boot-autoconfigure-3.5.9.jar;C:\Users\mbeua\.m2\repository\org\springframework\boot\spring-boot-starter-logging\3.5.9\spring-boot-starter-logging-3.5.9.jar;C:\Users\mbeua\.m2\repository\org\apache\logging\log4j\log4j-to-slf4j\2.24.3\log4j-to-slf4j-2.24.3.jar;C:\Users\mbeua\.m2\repository\org\apache\logging\log4j\log4j-api\2.24.3\log4j-api-2.24.3.jar;C:\Users\mbeua\.m2\repository\org\slf4j\jul-to-slf4j\2.0.17\jul-to-slf4j-2.0.17.jar;C:\Users\mbeua\.m2\repository\jakarta\annotation\jakarta.annotation-api\2.1.1\jakarta.annotation-api-2.1.1.jar;C:\Users\mbeua\.m2\repository\org\yaml\snakeyaml\2.4\snakeyaml-2.4.jar;C:\Users\mbeua\.m2\repository\org\springframework\boot\spring-boot-starter-json\3.5.9\spring-boot-starter-json-3.5.9.jar;C:\Users\mbeua\.m2\repository\com\fasterxml\jackson\datatype\jackson-datatype-jdk8\2.19.4\jackson-datatype-jdk8-2.19.4.jar;C:\Users\mbeua\.m2\repository\com\fasterxml\jackson\datatype\jackson-datatype-jsr310\2.19.4\jackson-datatype-jsr310-2.19.4.jar;C:\Users\mbeua\.m2\repository\com\fasterxml\jackson\module\jackson-module-parameter-names\2.19.4\jackson-module-parameter-names-2.19.4.jar;C:\Users\mbeua\.m2\repository\org\springframework\boot\spring-boot-starter-tomcat\3.5.9\spring-boot-starter-tomcat-3.5.9.jar;C:\Users\mbeua\.m2\repository\org\apache\tomcat\embed\tomcat-embed-core\10.1.50\tomcat-embed-core-10.1.50.jar;C:\Users\mbeua\.m2\repository\org\apache\tomcat\embed\tomcat-embed-el\10.1.50\tomcat-embed-el-10.1.50.jar;C:\Users\mbeua\.m2\repository\org\apache\tomcat\embed\tomcat-embed-websocket\10.1.50\tomcat-embed-websocket-10.1.50.jar;C:\Users\mbeua\.m2\repository\org\springframework\spring-web\6.2.15\spring-web-6.2.15.jar;C:\Users\mbeua\.m2\repository\org\springframework\spring-beans\6.2.15\spring-beans-6.2.15.jar;C:\Users\mbeua\.m2\repository\org\springframework\spring-webmvc\6.2.15\spring-webmvc-6.2.15.jar;C:\Users\mbeua\.m2\repository\org\springframework\spring-aop\6.2.15\spring-aop-6.2.15.jar;C:\Users\mbeua\.m2\repository\org\springframework\spring-expression\6.2.15\spring-expression-6.2.15.jar;C:\Users\mbeua\.m2\repository\org\springframework\boot\spring-boot-starter-data-mongodb\3.5.9\spring-boot-starter-data-mongodb-3.5.9.jar;C:\Users\mbeua\.m2\repository\org\mongodb\mongodb-driver-sync\5.5.2\mongodb-driver-sync-5.5.2.jar;C:\Users\mbeua\.m2\repository\org\mongodb\bson\5.5.2\bson-5.5.2.jar;C:\Users\mbeua\.m2\repository\org\mongodb\mongodb-driver-core\5.5.2\mongodb-driver-core-5.5.2.jar;C:\Users\mbeua\.m2\repository\org\mongodb\bson-record-codec\5.5.2\bson-record-codec-5.5.2.jar;C:\Users\mbeua\.m2\repository\org\springframework\data\spring-data-mongodb\4.5.7\spring-data-mongodb-4.5.7.jar;C:\Users\mbeua\.m2\repository\org\springframework\data\spring-data-commons\3.5.7\spring-data-commons-3.5.7.jar;C:\Users\mbeua\.m2\repository\org\springframework\cloud\spring-cloud-starter-consul-discovery\4.3.0\spring-cloud-starter-consul-discovery-4.3.0.jar;C:\Users\mbeua\.m2\repository\org\springframework\cloud\spring-cloud-starter-consul\4.3.0\spring-cloud-starter-consul-4.3.0.jar;C:\Users\mbeua\.m2\repository\org\springframework\cloud\spring-cloud-consul-core\4.3.0\spring-cloud-consul-core-4.3.0.jar;C:\Users\mbeua\.m2\repository\org\springframework\boot\spring-boot-starter-validation\3.5.9\spring-boot-starter-validation-3.5.9.jar;C:\Users\mbeua\.m2\repository\org\hibernate\validator\hibernate-validator\8.0.3.Final\hibernate-validator-8.0.3.Final.jar;C:\Users\mbeua\.m2\repository\jakarta\validation\jakarta.validation-api\3.0.2\jakarta.validation-api-3.0.2.jar;C:\Users\mbeua\.m2\repository\org\jboss\logging\jboss-logging\3.6.1.Final\jboss-logging-3.6.1.Final.jar;C:\Users\mbeua\.m2\repository\com\fasterxml\classmate\1.7.1\classmate-1.7.1.jar;C:\Users\mbeua\.m2\repository\com\ecwid\consul\consul-api\1.4.5\consul-api-1.4.5.jar;C:\Users\mbeua\.m2\repository\com\google\code\gson\gson\2.13.2\gson-2.13.2.jar;C:\Users\mbeua\.m2\repository\com\google\errorprone\error_prone_annotations\2.41.0\error_prone_annotations-2.41.0.jar;C:\Users\mbeua\.m2\repository\org\apache\httpcomponents\httpclient\4.5.14\httpclient-4.5.14.jar;C:\Users\mbeua\.m2\repository\commons-logging\commons-logging\1.2\commons-logging-1.2.jar;C:\Users\mbeua\.m2\repository\commons-codec\commons-codec\1.18.0\commons-codec-1.18.0.jar;C:\Users\mbeua\.m2\repository\org\apache\httpcomponents\httpcore\4.4.16\httpcore-4.4.16.jar;C:\Users\mbeua\.m2\repository\org\springframework\cloud\spring-cloud-consul-discovery\4.3.0\spring-cloud-consul-discovery-4.3.0.jar;C:\Users\mbeua\.m2\repository\org\springframework\cloud\spring-cloud-starter-loadbalancer\4.3.0\spring-cloud-starter-loadbalancer-4.3.0.jar;C:\Users\mbeua\.m2\repository\org\springframework\cloud\spring-cloud-loadbalancer\4.3.0\spring-cloud-loadbalancer-4.3.0.jar;C:\Users\mbeua\.m2\repository\io\projectreactor\reactor-core\3.7.14\reactor-core-3.7.14.jar;C:\Users\mbeua\.m2\repository\org\reactivestreams\reactive-streams\1.0.4\reactive-streams-1.0.4.jar;C:\Users\mbeua\.m2\repository\io\projectreactor\addons\reactor-extra\3.5.4\reactor-extra-3.5.4.jar;C:\Users\mbeua\.m2\repository\org\springframework\boot\spring-boot-starter-cache\3.5.9\spring-boot-starter-cache-3.5.9.jar;C:\Users\mbeua\.m2\repository\org\springframework\spring-context-support\6.2.15\spring-context-support-6.2.15.jar;C:\Users\mbeua\.m2\repository\com\stoyanr\evictor\1.0.0\evictor-1.0.0.jar;C:\Users\mbeua\.m2\repository\org\springframework\cloud\spring-cloud-starter-config\4.3.0\spring-cloud-starter-config-4.3.0.jar;C:\Users\mbeua\.m2\repository\org\springframework\cloud\spring-cloud-starter\4.3.0\spring-cloud-starter-4.3.0.jar;C:\Users\mbeua\.m2\repository\org\springframework\cloud\spring-cloud-context\4.3.0\spring-cloud-context-4.3.0.jar;C:\Users\mbeua\.m2\repository\org\bouncycastle\bcprov-jdk18on\1.80\bcprov-jdk18on-1.80.jar;C:\Users\mbeua\.m2\repository\org\springframework\cloud\spring-cloud-config-client\4.3.0\spring-cloud-config-client-4.3.0.jar;C:\Users\mbeua\.m2\repository\com\fasterxml\jackson\core\jackson-annotations\2.19.4\jackson-annotations-2.19.4.jar;C:\Users\mbeua\.m2\repository\org\apache\httpcomponents\client5\httpclient5\5.5.1\httpclient5-5.5.1.jar;C:\Users\mbeua\.m2\repository\org\apache\httpcomponents\core5\httpcore5\5.3.6\httpcore5-5.3.6.jar;C:\Users\mbeua\.m2\repository\org\apache\httpcomponents\core5\httpcore5-h2\5.3.6\httpcore5-h2-5.3.6.jar;C:\Users\mbeua\.m2\repository\com\fasterxml\jackson\core\jackson-databind\2.19.4\jackson-databind-2.19.4.jar;C:\Users\mbeua\.m2\repository\com\fasterxml\jackson\core\jackson-core\2.19.4\jackson-core-2.19.4.jar;C:\Users\mbeua\.m2\repository\org\springframework\cloud\spring-cloud-starter-openfeign\4.3.0\spring-cloud-starter-openfeign-4.3.0.jar;C:\Users\mbeua\.m2\repository\org\springframework\cloud\spring-cloud-openfeign-core\4.3.0\spring-cloud-openfeign-core-4.3.0.jar;C:\Users\mbeua\.m2\repository\io\github\openfeign\feign-form-spring\13.6\feign-form-spring-13.6.jar;C:\Users\mbeua\.m2\repository\org\apache\commons\commons-text\1.13.0\commons-text-1.13.0.jar;C:\Users\mbeua\.m2\repository\org\apache\commons\commons-lang3\3.17.0\commons-lang3-3.17.0.jar;C:\Users\mbeua\.m2\repository\io\github\openfeign\feign-form\13.6\feign-form-13.6.jar;C:\Users\mbeua\.m2\repository\commons-fileupload\commons-fileupload\1.5\commons-fileupload-1.5.jar;C:\Users\mbeua\.m2\repository\org\springframework\cloud\spring-cloud-commons\4.3.0\spring-cloud-commons-4.3.0.jar;C:\Users\mbeua\.m2\repository\org\springframework\security\spring-security-crypto\6.5.7\spring-security-crypto-6.5.7.jar;C:\Users\mbeua\.m2\repository\io\github\openfeign\feign-core\13.6\feign-core-13.6.jar;C:\Users\mbeua\.m2\repository\io\github\openfeign\feign-slf4j\13.6\feign-slf4j-13.6.jar;C:\Users\mbeua\.m2\repository\org\springframework\boot\spring-boot-starter-actuator\3.5.9\spring-boot-starter-actuator-3.5.9.jar;C:\Users\mbeua\.m2\repository\org\springframework\boot\spring-boot-actuator-autoconfigure\3.5.9\spring-boot-actuator-autoconfigure-3.5.9.jar;C:\Users\mbeua\.m2\repository\org\springframework\boot\spring-boot-actuator\3.5.9\spring-boot-actuator-3.5.9.jar;C:\Users\mbeua\.m2\repository\io\micrometer\micrometer-observation\1.15.7\micrometer-observation-1.15.7.jar;C:\Users\mbeua\.m2\repository\io\micrometer\micrometer-commons\1.15.7\micrometer-commons-1.15.7.jar;C:\Users\mbeua\.m2\repository\io\micrometer\micrometer-jakarta9\1.15.7\micrometer-jakarta9-1.15.7.jar;C:\Users\mbeua\.m2\repository\org\springframework\kafka\spring-kafka\3.3.11\spring-kafka-3.3.11.jar;C:\Users\mbeua\.m2\repository\org\springframework\spring-context\6.2.15\spring-context-6.2.15.jar;C:\Users\mbeua\.m2\repository\org\springframework\spring-messaging\6.2.15\spring-messaging-6.2.15.jar;C:\Users\mbeua\.m2\repository\org\springframework\spring-tx\6.2.15\spring-tx-6.2.15.jar;C:\Users\mbeua\.m2\repository\org\springframework\retry\spring-retry\2.0.12\spring-retry-2.0.12.jar;C:\Users\mbeua\.m2\repository\org\apache\kafka\kafka-clients\3.9.1\kafka-clients-3.9.1.jar;C:\Users\mbeua\.m2\repository\com\github\luben\zstd-jni\1.5.6-4\zstd-jni-1.5.6-4.jar;C:\Users\mbeua\.m2\repository\org\lz4\lz4-java\1.8.0\lz4-java-1.8.0.jar;C:\Users\mbeua\.m2\repository\org\xerial\snappy\snappy-java\1.1.10.5\snappy-java-1.1.10.5.jar;C:\Users\mbeua\.m2\repository\io\micrometer\micrometer-tracing-bridge-otel\1.5.7\micrometer-tracing-bridge-otel-1.5.7.jar;C:\Users\mbeua\.m2\repository\io\micrometer\micrometer-tracing\1.5.7\micrometer-tracing-1.5.7.jar;C:\Users\mbeua\.m2\repository\io\micrometer\context-propagation\1.1.3\context-propagation-1.1.3.jar;C:\Users\mbeua\.m2\repository\aopalliance\aopalliance\1.0\aopalliance-1.0.jar;C:\Users\mbeua\.m2\repository\org\slf4j\slf4j-api\2.0.17\slf4j-api-2.0.17.jar;C:\Users\mbeua\.m2\repository\io\opentelemetry\opentelemetry-api\1.49.0\opentelemetry-api-1.49.0.jar;C:\Users\mbeua\.m2\repository\io\opentelemetry\opentelemetry-context\1.49.0\opentelemetry-context-1.49.0.jar;C:\Users\mbeua\.m2\repository\io\opentelemetry\semconv\opentelemetry-semconv\1.32.0\opentelemetry-semconv-1.32.0.jar;C:\Users\mbeua\.m2\repository\io\opentelemetry\opentelemetry-sdk-common\1.49.0\opentelemetry-sdk-common-1.49.0.jar;C:\Users\mbeua\.m2\repository\io\opentelemetry\opentelemetry-sdk-trace\1.49.0\opentelemetry-sdk-trace-1.49.0.jar;C:\Users\mbeua\.m2\repository\io\opentelemetry\opentelemetry-sdk\1.49.0\opentelemetry-sdk-1.49.0.jar;C:\Users\mbeua\.m2\repository\io\opentelemetry\opentelemetry-sdk-metrics\1.49.0\opentelemetry-sdk-metrics-1.49.0.jar;C:\Users\mbeua\.m2\repository\io\opentelemetry\opentelemetry-sdk-logs\1.49.0\opentelemetry-sdk-logs-1.49.0.jar;C:\Users\mbeua\.m2\repository\io\opentelemetry\opentelemetry-extension-trace-propagators\1.49.0\opentelemetry-extension-trace-propagators-1.49.0.jar;C:\Users\mbeua\.m2\repository\io\github\openfeign\feign-micrometer\13.6\feign-micrometer-13.6.jar;C:\Users\mbeua\.m2\repository\io\micrometer\micrometer-core\1.15.7\micrometer-core-1.15.7.jar;C:\Users\mbeua\.m2\repository\org\hdrhistogram\HdrHistogram\2.2.2\HdrHistogram-2.2.2.jar;C:\Users\mbeua\.m2\repository\org\latencyutils\LatencyUtils\2.0.3\LatencyUtils-2.0.3.jar;C:\Users\mbeua\.m2\repository\io\opentelemetry\opentelemetry-exporter-zipkin\1.49.0\opentelemetry-exporter-zipkin-1.49.0.jar;C:\Users\mbeua\.m2\repository\io\zipkin\reporter2\zipkin-reporter\3.5.1\zipkin-reporter-3.5.1.jar;C:\Users\mbeua\.m2\repository\io\zipkin\zipkin2\zipkin\2.27.1\zipkin-2.27.1.jar;C:\Users\mbeua\.m2\repository\io\opentelemetry\opentelemetry-exporter-common\1.49.0\opentelemetry-exporter-common-1.49.0.jar;C:\Users\mbeua\.m2\repository\io\opentelemetry\opentelemetry-sdk-extension-autoconfigure-spi\1.49.0\opentelemetry-sdk-extension-autoconfigure-spi-1.49.0.jar;C:\Users\mbeua\.m2\repository\io\zipkin\reporter2\zipkin-sender-okhttp3\3.5.1\zipkin-sender-okhttp3-3.5.1.jar;C:\Users\mbeua\.m2\repository\com\squareup\okhttp3\okhttp\4.12.0\okhttp-4.12.0.jar;C:\Users\mbeua\.m2\repository\com\squareup\okio\okio\3.6.0\okio-3.6.0.jar;C:\Users\mbeua\.m2\repository\com\squareup\okio\okio-jvm\3.6.0\okio-jvm-3.6.0.jar;C:\Users\mbeua\.m2\repository\org\jetbrains\kotlin\kotlin-stdlib-common\1.9.25\kotlin-stdlib-common-1.9.25.jar;C:\Users\mbeua\.m2\repository\org\jetbrains\kotlin\kotlin-stdlib-jdk8\1.9.25\kotlin-stdlib-jdk8-1.9.25.jar;C:\Users\mbeua\.m2\repository\org\jetbrains\kotlin\kotlin-stdlib\1.9.25\kotlin-stdlib-1.9.25.jar;C:\Users\mbeua\.m2\repository\org\jetbrains\kotlin\kotlin-stdlib-jdk7\1.9.25\kotlin-stdlib-jdk7-1.9.25.jar;C:\Users\mbeua\.m2\repository\org\springframework\boot\spring-boot-starter-test\3.5.9\spring-boot-starter-test-3.5.9.jar;C:\Users\mbeua\.m2\repository\org\springframework\boot\spring-boot-test\3.5.9\spring-boot-test-3.5.9.jar;C:\Users\mbeua\.m2\repository\org\springframework\boot\spring-boot-test-autoconfigure\3.5.9\spring-boot-test-autoconfigure-3.5.9.jar;C:\Users\mbeua\.m2\repository\com\jayway\jsonpath\json-path\2.9.0\json-path-2.9.0.jar;C:\Users\mbeua\.m2\repository\jakarta\xml\bind\jakarta.xml.bind-api\4.0.4\jakarta.xml.bind-api-4.0.4.jar;C:\Users\mbeua\.m2\repository\jakarta\activation\jakarta.activation-api\2.1.4\jakarta.activation-api-2.1.4.jar;C:\Users\mbeua\.m2\repository\net\minidev\json-smart\2.5.2\json-smart-2.5.2.jar;C:\Users\mbeua\.m2\repository\net\minidev\accessors-smart\2.5.2\accessors-smart-2.5.2.jar;C:\Users\mbeua\.m2\repository\org\ow2\asm\asm\9.7.1\asm-9.7.1.jar;C:\Users\mbeua\.m2\repository\org\assertj\assertj-core\3.27.6\assertj-core-3.27.6.jar;C:\Users\mbeua\.m2\repository\net\bytebuddy\byte-buddy\1.17.8\byte-buddy-1.17.8.jar;C:\Users\mbeua\.m2\repository\org\awaitility\awaitility\4.2.2\awaitility-4.2.2.jar;C:\Users\mbeua\.m2\repository\org\hamcrest\hamcrest\3.0\hamcrest-3.0.jar;C:\Users\mbeua\.m2\repository\org\junit\jupiter\junit-jupiter\5.12.2\junit-jupiter-5.12.2.jar;C:\Users\mbeua\.m2\repository\org\junit\jupiter\junit-jupiter-params\5.12.2\junit-jupiter-params-5.12.2.jar;C:\Users\mbeua\.m2\repository\org\junit\jupiter\junit-jupiter-engine\5.12.2\junit-jupiter-engine-5.12.2.jar;C:\Users\mbeua\.m2\repository\org\mockito\mockito-core\5.17.0\mockito-core-5.17.0.jar;C:\Users\mbeua\.m2\repository\net\bytebuddy\byte-buddy-agent\1.17.8\byte-buddy-agent-1.17.8.jar;C:\Users\mbeua\.m2\repository\org\objenesis\objenesis\3.3\objenesis-3.3.jar;C:\Users\mbeua\.m2\repository\org\mockito\mockito-junit-jupiter\5.17.0\mockito-junit-jupiter-5.17.0.jar;C:\Users\mbeua\.m2\repository\org\skyscreamer\jsonassert\1.5.3\jsonassert-1.5.3.jar;C:\Users\mbeua\.m2\repository\com\vaadin\external\google\android-json\0.0.20131108.vaadin1\android-json-0.0.20131108.vaadin1.jar;C:\Users\mbeua\.m2\repository\org\springframework\spring-core\6.2.15\spring-core-6.2.15.jar;C:\Users\mbeua\.m2\repository\org\springframework\spring-jcl\6.2.15\spring-jcl-6.2.15.jar;C:\Users\mbeua\.m2\repository\org\springframework\spring-test\6.2.15\spring-test-6.2.15.jar;C:\Users\mbeua\.m2\repository\org\xmlunit\xmlunit-core\2.10.4\xmlunit-core-2.10.4.jar;C:\Users\mbeua\.m2\repository\org\springframework\kafka\spring-kafka-test\3.3.11\spring-kafka-test-3.3.11.jar;C:\Users\mbeua\.m2\repository\org\apache\zookeeper\zookeeper\3.8.5\zookeeper-3.8.5.jar;C:\Users\mbeua\.m2\repository\org\apache\zookeeper\zookeeper-jute\3.8.5\zookeeper-jute-3.8.5.jar;C:\Users\mbeua\.m2\repository\org\apache\yetus\audience-annotations\0.12.0\audience-annotations-0.12.0.jar;C:\Users\mbeua\.m2\repository\io\netty\netty-handler\4.1.130.Final\netty-handler-4.1.130.Final.jar;C:\Users\mbeua\.m2\repository\io\netty\netty-common\4.1.130.Final\netty-common-4.1.130.Final.jar;C:\Users\mbeua\.m2\repository\io\netty\netty-resolver\4.1.130.Final\netty-resolver-4.1.130.Final.jar;C:\Users\mbeua\.m2\repository\io\netty\netty-buffer\4.1.130.Final\netty-buffer-4.1.130.Final.jar;C:\Users\mbeua\.m2\repository\io\netty\netty-transport\4.1.130.Final\netty-transport-4.1.130.Final.jar;C:\Users\mbeua\.m2\repository\io\netty\netty-transport-native-unix-common\4.1.130.Final\netty-transport-native-unix-common-4.1.130.Final.jar;C:\Users\mbeua\.m2\repository\io\netty\netty-codec\4.1.130.Final\netty-codec-4.1.130.Final.jar;C:\Users\mbeua\.m2\repository\io\netty\netty-transport-native-epoll\4.1.130.Final\netty-transport-native-epoll-4.1.130.Final.jar;C:\Users\mbeua\.m2\repository\io\netty\netty-transport-classes-epoll\4.1.130.Final\netty-transport-classes-epoll-4.1.130.Final.jar;C:\Users\mbeua\.m2\repository\ch\qos\logback\logback-core\1.5.22\logback-core-1.5.22.jar;C:\Users\mbeua\.m2\repository\ch\qos\logback\logback-classic\1.5.22\logback-classic-1.5.22.jar;C:\Users\mbeua\.m2\repository\commons-io\commons-io\2.17.0\commons-io-2.17.0.jar;C:\Users\mbeua\.m2\repository\org\apache\kafka\kafka-clients\3.9.1\kafka-clients-3.9.1-test.jar;C:\Users\mbeua\.m2\repository\org\apache\kafka\kafka-server\3.9.1\kafka-server-3.9.1.jar;C:\Users\mbeua\.m2\repository\org\apache\kafka\kafka-storage\3.9.1\kafka-storage-3.9.1.jar;C:\Users\mbeua\.m2\repository\com\github\ben-manes\caffeine\caffeine\3.2.3\caffeine-3.2.3.jar;C:\Users\mbeua\.m2\repository\org\jspecify\jspecify\1.0.0\jspecify-1.0.0.jar;C:\Users\mbeua\.m2\repository\org\apache\kafka\kafka-group-coordinator\3.9.1\kafka-group-coordinator-3.9.1.jar;C:\Users\mbeua\.m2\repository\org\apache\kafka\kafka-transaction-coordinator\3.9.1\kafka-transaction-coordinator-3.9.1.jar;C:\Users\mbeua\.m2\repository\org\apache\kafka\kafka-raft\3.9.1\kafka-raft-3.9.1.jar;C:\Users\mbeua\.m2\repository\com\yammer\metrics\metrics-core\2.2.0\metrics-core-2.2.0.jar;C:\Users\mbeua\.m2\repository\org\apache\kafka\kafka-metadata\3.9.1\kafka-metadata-3.9.1.jar;C:\Users\mbeua\.m2\repository\org\apache\kafka\kafka-server-common\3.9.1\kafka-server-common-3.9.1.jar;C:\Users\mbeua\.m2\repository\net\sf\jopt-simple\jopt-simple\5.0.4\jopt-simple-5.0.4.jar;C:\Users\mbeua\.m2\repository\org\pcollections\pcollections\4.0.1\pcollections-4.0.1.jar;C:\Users\mbeua\.m2\repository\org\apache\kafka\kafka-server-common\3.9.1\kafka-server-common-3.9.1-test.jar;C:\Users\mbeua\.m2\repository\org\apache\kafka\kafka-streams-test-utils\3.9.1\kafka-streams-test-utils-3.9.1.jar;C:\Users\mbeua\.m2\repository\org\apache\kafka\kafka-streams\3.9.1\kafka-streams-3.9.1.jar;C:\Users\mbeua\.m2\repository\org\rocksdb\rocksdbjni\7.9.2\rocksdbjni-7.9.2.jar;C:\Users\mbeua\.m2\repository\org\apache\kafka\kafka_2.13\3.9.1\kafka_2.13-3.9.1.jar;C:\Users\mbeua\.m2\repository\org\scala-lang\scala-library\2.13.15\scala-library-2.13.15.jar;C:\Users\mbeua\.m2\repository\org\apache\kafka\kafka-group-coordinator-api\3.9.1\kafka-group-coordinator-api-3.9.1.jar;C:\Users\mbeua\.m2\repository\org\apache\kafka\kafka-storage-api\3.9.1\kafka-storage-api-3.9.1.jar;C:\Users\mbeua\.m2\repository\org\apache\kafka\kafka-tools-api\3.9.1\kafka-tools-api-3.9.1.jar;C:\Users\mbeua\.m2\repository\net\sourceforge\argparse4j\argparse4j\0.7.0\argparse4j-0.7.0.jar;C:\Users\mbeua\.m2\repository\commons-validator\commons-validator\1.7\commons-validator-1.7.jar;C:\Users\mbeua\.m2\repository\commons-beanutils\commons-beanutils\1.9.4\commons-beanutils-1.9.4.jar;C:\Users\mbeua\.m2\repository\commons-digester\commons-digester\2.1\commons-digester-2.1.jar;C:\Users\mbeua\.m2\repository\commons-collections\commons-collections\3.2.2\commons-collections-3.2.2.jar;C:\Users\mbeua\.m2\repository\com\fasterxml\jackson\module\jackson-module-scala_2.13\2.19.4\jackson-module-scala_2.13-2.19.4.jar;C:\Users\mbeua\.m2\repository\com\thoughtworks\paranamer\paranamer\2.8.3\paranamer-2.8.3.jar;C:\Users\mbeua\.m2\repository\com\fasterxml\jackson\dataformat\jackson-dataformat-csv\2.19.4\jackson-dataformat-csv-2.19.4.jar;C:\Users\mbeua\.m2\repository\org\bitbucket\b_c\jose4j\0.9.4\jose4j-0.9.4.jar;C:\Users\mbeua\.m2\repository\org\scala-lang\modules\scala-collection-compat_2.13\2.10.0\scala-collection-compat_2.13-2.10.0.jar;C:\Users\mbeua\.m2\repository\org\scala-lang\modules\scala-java8-compat_2.13\1.0.2\scala-java8-compat_2.13-1.0.2.jar;C:\Users\mbeua\.m2\repository\org\scala-lang\scala-reflect\2.13.15\scala-reflect-2.13.15.jar;C:\Users\mbeua\.m2\repository\com\typesafe\scala-logging\scala-logging_2.13\3.9.5\scala-logging_2.13-3.9.5.jar;C:\Users\mbeua\.m2\repository\io\dropwizard\metrics\metrics-core\4.1.12.1\metrics-core-4.1.12.1.jar;C:\Users\mbeua\.m2\repository\commons-cli\commons-cli\1.4\commons-cli-1.4.jar;C:\Users\mbeua\.m2\repository\org\apache\kafka\kafka_2.13\3.9.1\kafka_2.13-3.9.1-test.jar;C:\Users\mbeua\.m2\repository\org\junit\jupiter\junit-jupiter-api\5.12.2\junit-jupiter-api-5.12.2.jar;C:\Users\mbeua\.m2\repository\org\opentest4j\opentest4j\1.3.0\opentest4j-1.3.0.jar;C:\Users\mbeua\.m2\repository\org\junit\platform\junit-platform-commons\1.12.2\junit-platform-commons-1.12.2.jar;C:\Users\mbeua\.m2\repository\org\apiguardian\apiguardian-api\1.1.2\apiguardian-api-1.1.2.jar;C:\Users\mbeua\.m2\repository\org\junit\platform\junit-platform-launcher\1.12.2\junit-platform-launcher-1.12.2.jar;C:\Users\mbeua\.m2\repository\org\junit\platform\junit-platform-engine\1.12.2\junit-platform-engine-1.12.2.jar;C:\Users\mbeua\.m2\repository\org\testcontainers\junit-jupiter\1.21.4\junit-jupiter-1.21.4.jar;C:\Users\mbeua\.m2\repository\org\testcontainers\testcontainers\1.21.4\testcontainers-1.21.4.jar;C:\Users\mbeua\.m2\repository\junit\junit\4.13.2\junit-4.13.2.jar;C:\Users\mbeua\.m2\repository\org\hamcrest\hamcrest-core\3.0\hamcrest-core-3.0.jar;C:\Users\mbeua\.m2\repository\org\apache\commons\commons-compress\1.24.0\commons-compress-1.24.0.jar;C:\Users\mbeua\.m2\repository\org\rnorth\duct-tape\duct-tape\1.0.8\duct-tape-1.0.8.jar;C:\Users\mbeua\.m2\repository\org\jetbrains\annotations\17.0.0\annotations-17.0.0.jar;C:\Users\mbeua\.m2\repository\com\g
[...]
2026-03-09T12:08:50.957-05:00  INFO 20896 --- [product-service] [-consumer-0-C-1] [                                                 ] o.s.k.l.KafkaMessageListenerContainer    : order-consumer-batch-group: partitions assigned: [embedded-orders-consumer-batch-topic-0, embedded-orders-consumer-batch-topic-1, embedded-orders-consumer-batch-topic-2]
2026-03-09T12:08:51.065-05:00  INFO 20896 --- [product-service] [r-handler-group] [                                                 ] o.a.k.c.c.internals.ConsumerCoordinator  : [Consumer clientId=consumer-order-error-handler-group-1, groupId=order-error-handler-group] Successfully synced group in generation Generation{generationId=1, memberId='consumer-order-error-handler-group-1-c1a6efa2-f1f1-44d1-8ccb-405e1cd638c9', protocol='range'}
2026-03-09T12:08:51.085-05:00  INFO 20896 --- [product-service] [-consumer-0-C-1] [                                                 ] o.a.k.c.c.internals.ConsumerCoordinator  : [Consumer clientId=consumer-order-error-handler-group-1, groupId=order-error-handler-group] Notifying assignor about the new Assignment(partitions=[embedded-orders-error-handler-topic-0, embedded-orders-error-handler-topic-1, embedded-orders-error-handler-topic-2])
2026-03-09T12:08:51.088-05:00  INFO 20896 --- [product-service] [-consumer-0-C-1] [                                                 ] k.c.c.i.ConsumerRebalanceListenerInvoker : [Consumer clientId=consumer-order-error-handler-group-1, groupId=order-error-handler-group] Adding newly assigned partitions: embedded-orders-error-handler-topic-0, embedded-orders-error-handler-topic-1, embedded-orders-error-handler-topic-2
2026-03-09T12:08:51.139-05:00  INFO 20896 --- [product-service] [-consumer-0-C-1] [                                                 ] o.a.k.c.c.internals.ConsumerCoordinator  : [Consumer clientId=consumer-order-error-handler-group-1, groupId=order-error-handler-group] Found no committed offset for partition embedded-orders-error-handler-topic-2
2026-03-09T12:08:51.140-05:00  INFO 20896 --- [product-service] [-consumer-0-C-1] [                                                 ] o.a.k.c.c.internals.ConsumerCoordinator  : [Consumer clientId=consumer-order-error-handler-group-1, groupId=order-error-handler-group] Found no committed offset for partition embedded-orders-error-handler-topic-1
2026-03-09T12:08:51.140-05:00  INFO 20896 --- [product-service] [-consumer-0-C-1] [                                                 ] o.a.k.c.c.internals.ConsumerCoordinator  : [Consumer clientId=consumer-order-error-handler-group-1, groupId=order-error-handler-group] Found no committed offset for partition embedded-orders-error-handler-topic-0
2026-03-09T12:08:51.148-05:00  INFO 20896 --- [product-service] [-consumer-0-C-1] [                                                 ] o.a.k.c.c.internals.SubscriptionState    : [Consumer clientId=consumer-order-error-handler-group-1, groupId=order-error-handler-group] Resetting offset for partition embedded-orders-error-handler-topic-2 to position FetchPosition{offset=0, offsetEpoch=Optional.empty, currentLeader=LeaderAndEpoch{leader=Optional[localhost:52566 (id: 0 rack: null)], epoch=0}}.
2026-03-09T12:08:51.148-05:00  INFO 20896 --- [product-service] [-consumer-0-C-1] [                                                 ] o.a.k.c.c.internals.SubscriptionState    : [Consumer clientId=consumer-order-error-handler-group-1, groupId=order-error-handler-group] Resetting offset for partition embedded-orders-error-handler-topic-1 to position FetchPosition{offset=0, offsetEpoch=Optional.empty, currentLeader=LeaderAndEpoch{leader=Optional[localhost:52566 (id: 0 rack: null)], epoch=0}}.
2026-03-09T12:08:51.149-05:00  INFO 20896 --- [product-service] [-consumer-0-C-1] [                                                 ] o.a.k.c.c.internals.SubscriptionState    : [Consumer clientId=consumer-order-error-handler-group-1, groupId=order-error-handler-group] Resetting offset for partition embedded-orders-error-handler-topic-0 to position FetchPosition{offset=0, offsetEpoch=Optional.empty, currentLeader=LeaderAndEpoch{leader=Optional[localhost:52566 (id: 0 rack: null)], epoch=0}}.
2026-03-09T12:08:51.149-05:00  INFO 20896 --- [product-service] [-consumer-0-C-1] [                                                 ] o.s.k.l.KafkaMessageListenerContainer    : order-error-handler-group: partitions assigned: [embedded-orders-error-handler-topic-0, embedded-orders-error-handler-topic-1, embedded-orders-error-handler-topic-2]
2026-03-09T12:08:51.552-05:00  INFO 20896 --- [product-service] [           main] [                                                 ] k.c.c.i.ConsumerRebalanceListenerInvoker : [Consumer clientId=consumer-embedded-producer-test-group-3, groupId=embedded-producer-test-group] Revoke previously assigned partitions embedded-orders-topic-0, embedded-orders-topic-1, embedded-orders-topic-2
2026-03-09T12:08:51.553-05:00  INFO 20896 --- [product-service] [           main] [                                                 ] o.a.k.c.c.internals.ConsumerCoordinator  : [Consumer clientId=consumer-embedded-producer-test-group-3, groupId=embedded-producer-test-group] Member consumer-embedded-producer-test-group-3-61f5bda7-2458-424c-9db8-caabf1851375 sending LeaveGroup request to coordinator localhost:52566 (id: 2147483647 rack: null) due to the consumer is being closed
2026-03-09T12:08:51.555-05:00  INFO 20896 --- [product-service] [           main] [                                                 ] o.a.k.c.c.internals.ConsumerCoordinator  : [Consumer clientId=consumer-embedded-producer-test-group-3, groupId=embedded-producer-test-group] Resetting generation and member id due to: consumer pro-actively leaving the group
2026-03-09T12:08:51.556-05:00  INFO 20896 --- [product-service] [           main] [                                                 ] o.a.k.c.c.internals.ConsumerCoordinator  : [Consumer clientId=consumer-embedded-producer-test-group-3, groupId=embedded-producer-test-group] Request joining group due to: consumer pro-actively leaving the group
2026-03-09T12:08:51.578-05:00  INFO 20896 --- [product-service] [quest-handler-4] [                                                 ] k.coordinator.group.GroupCoordinator     : [GroupCoordinator 0]: Preparing to rebalance group embedded-producer-test-group in state PreparingRebalance with old generation 1 (__consumer_offsets-2) (reason: Removing member consumer-embedded-producer-test-group-3-61f5bda7-2458-424c-9db8-caabf1851375 on LeaveGroup; client reason: the consumer is being closed)
2026-03-09T12:08:51.583-05:00  INFO 20896 --- [product-service] [quest-handler-4] [                                                 ] k.coordinator.group.GroupCoordinator     : [GroupCoordinator 0]: Group embedded-producer-test-group with generation 2 is now empty (__consumer_offsets-2)
2026-03-09T12:08:51.594-05:00  INFO 20896 --- [product-service] [quest-handler-4] [                                                 ] k.coordinator.group.GroupCoordinator     : [GroupCoordinator 0]: Member MemberMetadata(memberId=consumer-embedded-producer-test-group-3-61f5bda7-2458-424c-9db8-caabf1851375, groupInstanceId=None, clientId=consumer-embedded-producer-test-group-3, clientHost=/127.0.0.1, sessionTimeoutMs=60000, rebalanceTimeoutMs=300000, supportedProtocols=List(range, cooperative-sticky)) has left group embedded-producer-test-group through explicit `LeaveGroup`; client reason: the consumer is being closed
2026-03-09T12:08:51.794-05:00  INFO 20896 --- [product-service] [           main] [                                                 ] o.apache.kafka.common.metrics.Metrics    : Metrics scheduler closed
2026-03-09T12:08:51.794-05:00  INFO 20896 --- [product-service] [           main] [                                                 ] o.apache.kafka.common.metrics.Metrics    : Closing reporter org.apache.kafka.common.metrics.JmxReporter
2026-03-09T12:08:51.796-05:00  INFO 20896 --- [product-service] [           main] [                                                 ] o.apache.kafka.common.metrics.Metrics    : Closing reporter org.apache.kafka.common.telemetry.internals.ClientTelemetryReporter
2026-03-09T12:08:51.796-05:00  INFO 20896 --- [product-service] [           main] [                                                 ] o.apache.kafka.common.metrics.Metrics    : Metrics reporters closed
2026-03-09T12:08:51.815-05:00  INFO 20896 --- [product-service] [           main] [                                                 ] o.a.kafka.common.utils.AppInfoParser     : App info kafka.consumer for consumer-embedded-producer-test-group-3 unregistered
]]></system-out>
  </testcase>
  <testcase name="shouldConsumeOrderWithEmbeddedKafka" classname="lab.productservice.kafka.OrderKafkaEmbeddedIntegrationTest" time="1.003">
    <system-out><![CDATA[2026-03-09T12:08:51.932-05:00  INFO 20896 --- [product-service] [           main] [                                                 ] o.a.k.clients.consumer.ConsumerConfig    : ConsumerConfig values: 
	allow.auto.create.topics = true
	auto.commit.interval.ms = 5000
	auto.include.jmx.reporter = true
	auto.offset.reset = earliest
	bootstrap.servers = [127.0.0.1:52566]
	check.crcs = true
	client.dns.lookup = use_all_dns_ips
	client.id = consumer-order-partition-group-4
	client.rack = 
	connections.max.idle.ms = 540000
	default.api.timeout.ms = 60000
	enable.auto.commit = false
	enable.metrics.push = true
	exclude.internal.topics = true
	fetch.max.bytes = 52428800
	fetch.max.wait.ms = 500
	fetch.min.bytes = 1
	group.id = order-partition-group
	group.instance.id = null
	group.protocol = classic
	group.remote.assignor = null
	heartbeat.interval.ms = 3000
	interceptor.classes = []
	internal.leave.group.on.close = true
	internal.throw.on.fetch.stable.offset.unsupported = false
	isolation.level = read_uncommitted
	key.deserializer = class org.apache.kafka.common.serialization.StringDeserializer
	max.partition.fetch.bytes = 1048576
	max.poll.interval.ms = 300000
	max.poll.records = 500
	metadata.max.age.ms = 300000
	metadata.recovery.strategy = none
	metric.reporters = []
	metrics.num.samples = 2
	metrics.recording.level = INFO
	metrics.sample.window.ms = 30000
	partition.assignment.strategy = [class org.apache.kafka.clients.consumer.RangeAssignor, class org.apache.kafka.clients.consumer.CooperativeStickyAssignor]
	receive.buffer.bytes = 65536
	reconnect.backoff.max.ms = 1000
	reconnect.backoff.ms = 50
	request.timeout.ms = 30000
	retry.backoff.max.ms = 1000
	retry.backoff.ms = 100
	sasl.client.callback.handler.class = null
	sasl.jaas.config = null
	sasl.kerberos.kinit.cmd = /usr/bin/kinit
	sasl.kerberos.min.time.before.relogin = 60000
	sasl.kerberos.service.name = null
	sasl.kerberos.ticket.renew.jitter = 0.05
	sasl.kerberos.ticket.renew.window.factor = 0.8
	sasl.login.callback.handler.class = null
	sasl.login.class = null
	sasl.login.connect.timeout.ms = null
	sasl.login.read.timeout.ms = null
	sasl.login.refresh.buffer.seconds = 300
	sasl.login.refresh.min.period.seconds = 60
	sasl.login.refresh.window.factor = 0.8
	sasl.login.refresh.window.jitter = 0.05
	sasl.login.retry.backoff.max.ms = 10000
	sasl.login.retry.backoff.ms = 100
	sasl.mechanism = GSSAPI
	sasl.oauthbearer.clock.skew.seconds = 30
	sasl.oauthbearer.expected.audience = null
	sasl.oauthbearer.expected.issuer = null
	sasl.oauthbearer.header.urlencode = false
	sasl.oauthbearer.jwks.endpoint.refresh.ms = 3600000
	sasl.oauthbearer.jwks.endpoint.retry.backoff.max.ms = 10000
	sasl.oauthbearer.jwks.endpoint.retry.backoff.ms = 100
	sasl.oauthbearer.jwks.endpoint.url = null
	sasl.oauthbearer.scope.claim.name = scope
	sasl.oauthbearer.sub.claim.name = sub
	sasl.oauthbearer.token.endpoint.url = null
	security.protocol = PLAINTEXT
	security.providers = null
	send.buffer.bytes = 131072
	session.timeout.ms = 45000
	socket.connection.setup.timeout.max.ms = 30000
	socket.connection.setup.timeout.ms = 10000
	ssl.cipher.suites = null
	ssl.enabled.protocols = [TLSv1.2, TLSv1.3]
	ssl.endpoint.identification.algorithm = https
	ssl.engine.factory.class = null
	ssl.key.password = null
	ssl.keymanager.algorithm = SunX509
	ssl.keystore.certificate.chain = null
	ssl.keystore.key = null
	ssl.keystore.location = null
	ssl.keystore.password = null
	ssl.keystore.type = JKS
	ssl.protocol = TLSv1.3
	ssl.provider = null
	ssl.secure.random.implementation = null
	ssl.trustmanager.algorithm = PKIX
	ssl.truststore.certificates = null
	ssl.truststore.location = null
	ssl.truststore.password = null
	ssl.truststore.type = JKS
	value.deserializer = class org.springframework.kafka.support.serializer.JsonDeserializer

2026-03-09T12:08:51.933-05:00  INFO 20896 --- [product-service] [           main] [                                                 ] o.a.k.c.t.i.KafkaMetricsCollector        : initializing Kafka metrics collector
2026-03-09T12:08:52.000-05:00  INFO 20896 --- [product-service] [           main] [                                                 ] o.a.kafka.common.utils.AppInfoParser     : Kafka version: 3.9.1
2026-03-09T12:08:52.000-05:00  INFO 20896 --- [product-service] [           main] [                                                 ] o.a.kafka.common.utils.AppInfoParser     : Kafka commitId: f745dfdcee2b9851
2026-03-09T12:08:52.000-05:00  INFO 20896 --- [product-service] [           main] [                                                 ] o.a.kafka.common.utils.AppInfoParser     : Kafka startTimeMs: 1773076132000
2026-03-09T12:08:52.003-05:00  INFO 20896 --- [product-service] [           main] [                                                 ] o.a.k.c.c.i.ClassicKafkaConsumer         : [Consumer clientId=consumer-order-partition-group-4, groupId=order-partition-group] Assigned to partition(s): embedded-orders-topic-0
2026-03-09T12:08:52.136-05:00  INFO 20896 --- [product-service] [-consumer-0-C-1] [                                                 ] org.apache.kafka.clients.Metadata        : [Consumer clientId=consumer-order-partition-group-4, groupId=order-partition-group] Cluster ID: cNIm_ZsIRqutLE5ZovpCrQ
2026-03-09T12:08:52.145-05:00  INFO 20896 --- [product-service] [-consumer-0-C-1] [                                                 ] o.a.k.c.c.internals.ConsumerCoordinator  : [Consumer clientId=consumer-order-partition-group-4, groupId=order-partition-group] Discovered group coordinator localhost:52566 (id: 2147483647 rack: null)
2026-03-09T12:08:52.171-05:00  INFO 20896 --- [product-service] [-consumer-0-C-1] [                                                 ] o.a.k.c.c.internals.ConsumerCoordinator  : [Consumer clientId=consumer-order-partition-group-4, groupId=order-partition-group] Found no committed offset for partition embedded-orders-topic-0
2026-03-09T12:08:52.183-05:00  INFO 20896 --- [product-service] [-consumer-0-C-1] [                                                 ] o.a.k.c.c.internals.SubscriptionState    : [Consumer clientId=consumer-order-partition-group-4, groupId=order-partition-group] Resetting offset for partition embedded-orders-topic-0 to position FetchPosition{offset=0, offsetEpoch=Optional.empty, currentLeader=LeaderAndEpoch{leader=Optional[localhost:52566 (id: 0 rack: null)], epoch=0}}.
2026-03-09T12:08:52.359-05:00  INFO 20896 --- [product-service] [-consumer-0-C-1] [                                                 ] l.p.consumer.OrderPartitionConsumers     : partition-listener-0 offset=0 partition=0 order=Order[orderNumber=ORD-1002, customerName=Bruno Silva, customerCountry=Brazil, amount=875.0, status=PROCESSING]
2026-03-09T12:08:52.368-05:00  INFO 20896 --- [product-service] [-consumer-0-C-1] [                                                 ] l.p.consumer.OrderPartitionConsumers     : partition-listener-0 offset=1 partition=0 order=Order[orderNumber=ORD-1004, customerName=David Brown, customerCountry=Canada, amount=2210.1, status=SHIPPED]
2026-03-09T12:08:52.371-05:00  INFO 20896 --- [product-service] [-consumer-0-C-1] [                                                 ] l.p.consumer.OrderPartitionConsumers     : partition-listener-0 offset=2 partition=0 order=Order[orderNumber=ORD-1005, customerName=Elena Rossi, customerCountry=Italy, amount=640.75, status=DELIVERED]
2026-03-09T12:08:52.374-05:00  INFO 20896 --- [product-service] [-consumer-0-C-1] [                                                 ] l.p.consumer.OrderPartitionConsumers     : partition-listener-0 offset=3 partition=0 order=Order[orderNumber=EMB-ORDER-0001, customerName=Embedded Test, customerCountry=USA, amount=42.0, status=2026-03-09T17:08:52.057723500Z]
2026-03-09T12:08:52.459-05:00  INFO 20896 --- [product-service] [-consumer-0-C-1] [                                                 ] o.a.k.c.c.internals.ConsumerCoordinator  : [Consumer clientId=consumer-order-partition-group-4, groupId=order-partition-group] Resetting generation and member id due to: consumer pro-actively leaving the group
2026-03-09T12:08:52.461-05:00  INFO 20896 --- [product-service] [-consumer-0-C-1] [                                                 ] o.a.k.c.c.internals.ConsumerCoordinator  : [Consumer clientId=consumer-order-partition-group-4, groupId=order-partition-group] Request joining group due to: consumer pro-actively leaving the group
2026-03-09T12:08:52.461-05:00  INFO 20896 --- [product-service] [-consumer-0-C-1] [                                                 ] o.a.k.c.c.i.ClassicKafkaConsumer         : [Consumer clientId=consumer-order-partition-group-4, groupId=order-partition-group] Unsubscribed all topics or patterns and assigned partitions
2026-03-09T12:08:52.466-05:00  INFO 20896 --- [product-service] [-consumer-0-C-1] [                                                 ] o.a.k.c.c.internals.ConsumerCoordinator  : [Consumer clientId=consumer-order-partition-group-4, groupId=order-partition-group] Resetting generation and member id due to: consumer pro-actively leaving the group
2026-03-09T12:08:52.467-05:00  INFO 20896 --- [product-service] [-consumer-0-C-1] [                                                 ] o.a.k.c.c.internals.ConsumerCoordinator  : [Consumer clientId=consumer-order-partition-group-4, groupId=order-partition-group] Request joining group due to: consumer pro-actively leaving the group
2026-03-09T12:08:52.769-05:00  INFO 20896 --- [product-service] [-consumer-0-C-1] [                                                 ] o.apache.kafka.common.metrics.Metrics    : Metrics scheduler closed
2026-03-09T12:08:52.855-05:00  INFO 20896 --- [product-service] [-consumer-0-C-1] [                                                 ] o.apache.kafka.common.metrics.Metrics    : Closing reporter org.apache.kafka.common.metrics.JmxReporter
2026-03-09T12:08:52.857-05:00  INFO 20896 --- [product-service] [-consumer-0-C-1] [                                                 ] o.apache.kafka.common.metrics.Metrics    : Closing reporter org.apache.kafka.common.telemetry.internals.ClientTelemetryReporter
2026-03-09T12:08:52.861-05:00  INFO 20896 --- [product-service] [-consumer-0-C-1] [                                                 ] o.apache.kafka.common.metrics.Metrics    : Metrics reporters closed
2026-03-09T12:08:52.899-05:00  INFO 20896 --- [product-service] [-consumer-0-C-1] [                                                 ] o.a.kafka.common.utils.AppInfoParser     : App info kafka.consumer for consumer-order-partition-group-4 unregistered
2026-03-09T12:08:52.906-05:00  INFO 20896 --- [product-service] [-consumer-0-C-1] [                                                 ] o.s.k.l.KafkaMessageListenerContainer    : order-partition-group: Consumer stopped
]]></system-out>
  </testcase>
</testsuite>